7.4.7 版本   recording 模块   内存占用数据
duration：[294]  >>>  [254, 204, 282, 282, 307, 282, 263, 254, 262, 363, 327, 290, 378, 279, 385]
frequency：[64]  >>>  [55, 47, 61, 63, 67, 59, 59, 57, 57, 79, 70, 64, 82, 62, 81]
------------------------------
startMemory：[146661]  >>>  [144814, 139356, 142701, 143841, 179698, 144052, 145967, 139756, 148646, 151245, 138543, 147272, 141887, 141981, 150160]
endMemory：[161606]  >>>  [161220, 160371, 146070, 197329, 148651, 165616, 150400, 162648, 170990, 156960, 160609, 158480, 158608, 159475, 166675]
averageMemory：[175974]  >>>  [179294, 177342, 164078, 213291, 165986, 182242, 166624, 186927, 182709, 165411, 179615, 165622, 165618, 164125, 180733]
maxMemory：[187198]  >>>  [195115, 170160, 188749, 170416, 222325, 172886, 193545, 178452, 203045, 204408, 172306, 196253, 171543, 172642, 196129]
maxFluctuation：[40164]  >>>  [50301, 33088, 46048, 38205, 45859, 28747, 47578, 43290, 53163, 30025, 48981, 29123, 29520, 32566, 45969]
------------------------------


7.4.7 版本   popular 模块   内存占用数据
duration：[600]  >>>  [600, 600, 600]
frequency：[64]  >>>  [64, 64, 64]
------------------------------
startMemory：[172534]  >>>  [186502, 185043, 146058]
endMemory：[268999]  >>>  [294770, 292057, 220172]
averageMemory：[257896]  >>>  [283877, 279090, 210723]
maxMemory：[294684]  >>>  [316659, 321845, 245550]
maxFluctuation：[42012]  >>>  [44218, 46476, 35342]
------------------------------


7.4.7 版本   live 模块   内存占用数据
duration：[600]  >>>  [600, 600, 600]
frequency：[122]  >>>  [123, 123, 122]
------------------------------
startMemory：[142573]  >>>  [143267, 142343, 142109]
endMemory：[185335]  >>>  [185340, 186057, 184609]
averageMemory：[256006]  >>>  [259154, 252883, 255982]
maxMemory：[260381]  >>>  [262812, 258628, 259705]
maxFluctuation：[114022]  >>>  [113597, 114817, 113652]
------------------------------


