[
  [
    "totalPrivateDirty",
    "nativePrivateDirty",
    "dalvikPrivateDirty",
    "eglPrivateDirty",
    "glPrivateDirty",
    "totalPss",
    "nativePss",
    "dalvikPss",
    "eglPss",
    "glPss",
    "nativeHeapAllocatedSize",
    "nativeHeapSize"
  ],
  [
    "77716",
    "19652",
    "35976",
    null,
    null,
    "134412",
    "19811",
    "36057",
    null,
    null,
    "21831",
    "22040"
  ]
][
  [
    "totalPrivateDirty",
    "nativePrivateDirty",
    "dalvikPrivateDirty",
    "eglPrivateDirty",
    "glPrivateDirty",
    "totalPss",
    "nativePss",
    "dalvikPss",
    "eglPss",
    "glPss",
    "nativeHeapAllocatedSize",
    "nativeHeapSize"
  ],
  [
    "74732",
    "19664",
    "33432",
    null,
    null,
    "130678",
    "19827",
    "34106",
    null,
    null,
    "21436",
    "22040"
  ]
][
  [
    "totalPrivateDirty",
    "nativePrivateDirty",
    "dalvikPrivateDirty",
    "eglPrivateDirty",
    "glPrivateDirty",
    "totalPss",
    "nativePss",
    "dalvikPss",
    "eglPss",
    "glPss",
    "nativeHeapAllocatedSize",
    "nativeHeapSize"
  ],
  [
    "74984",
    "19664",
    "33476",
    null,
    null,
    "131448",
    "19827",
    "34150",
    null,
    null,
    "21790",
    "22196"
  ]
][
  [
    "totalPrivateDirty",
    "nativePrivateDirty",
    "dalvikPrivateDirty",
    "eglPrivateDirty",
    "glPrivateDirty",
    "totalPss",
    "nativePss",
    "dalvikPss",
    "eglPss",
    "glPss",
    "nativeHeapAllocatedSize",
    "nativeHeapSize"
  ],
  [
    "84580",
    "22404",
    "37280",
    null,
    null,
    "144867",
    "22567",
    "37954",
    null,
    null,
    "23684",
    "25024"
  ]
][
  [
    "totalPrivateDirty",
    "nativePrivateDirty",
    "dalvikPrivateDirty",
    "eglPrivateDirty",
    "glPrivateDirty",
    "totalPss",
    "nativePss",
    "dalvikPss",
    "eglPss",
    "glPss",
    "nativeHeapAllocatedSize",
    "nativeHeapSize"
  ],
  [
    "101416",
    "26652",
    "47508",
    null,
    null,
    "161355",
    "26814",
    "48182",
    null,
    null,
    "28227",
    "29196"
  ]
][
  [
    "totalPrivateDirty",
    "nativePrivateDirty",
    "dalvikPrivateDirty",
    "eglPrivateDirty",
    "glPrivateDirty",
    "totalPss",
    "nativePss",
    "dalvikPss",
    "eglPss",
    "glPss",
    "nativeHeapAllocatedSize",
    "nativeHeapSize"
  ],
  [
    "100180",
    "26832",
    "47064",
    null,
    null,
    "160342",
    "27002",
    "47740",
    null,
    null,
    "28244",
    "29316"
  ]
][
  [
    "totalPrivateDirty",
    "nativePrivateDirty",
    "dalvikPrivateDirty",
    "eglPrivateDirty",
    "glPrivateDirty",
    "totalPss",
    "nativePss",
    "dalvikPss",
    "eglPss",
    "glPss",
    "nativeHeapAllocatedSize",
    "nativeHeapSize"
  ],
  [
    "105872",
    "29484",
    "48328",
    null,
    null,
    "168125",
    "29654",
    "49004",
    null,
    null,
    "27759",
    "31968"
  ]
][
  [
    "totalPrivateDirty",
    "nativePrivateDirty",
    "dalvikPrivateDirty",
    "eglPrivateDirty",
    "glPrivateDirty",
    "totalPss",
    "nativePss",
    "dalvikPss",
    "eglPss",
    "glPss",
    "nativeHeapAllocatedSize",
    "nativeHeapSize"
  ],
  [
    "98000",
    "29484",
    "43888",
    null,
    null,
    "158256",
    "29654",
    "44566",
    null,
    null,
    "24136",
    "31968"
  ]
][
  [
    "totalPrivateDirty",
    "nativePrivateDirty",
    "dalvikPrivateDirty",
    "eglPrivateDirty",
    "glPrivateDirty",
    "totalPss",
    "nativePss",
    "dalvikPss",
    "eglPss",
    "glPss",
    "nativeHeapAllocatedSize",
    "nativeHeapSize"
  ],
  [
    "87488",
    "29076",
    "34308",
    null,
    null,
    "154559",
    "29284",
    "39616",
    null,
    null,
    "23880",
    "31524"
  ]
][
  [
    "totalPrivateDirty",
    "nativePrivateDirty",
    "dalvikPrivateDirty",
    "eglPrivateDirty",
    "glPrivateDirty",
    "totalPss",
    "nativePss",
    "dalvikPss",
    "eglPss",
    "glPss",
    "nativeHeapAllocatedSize",
    "nativeHeapSize"
  ],
  [
    "96692",
    "29156",
    "41468",
    null,
    null,
    "156898",
    "29326",
    "42146",
    null,
    null,
    "23788",
    "31524"
  ]
][
  [
    "totalPrivateDirty",
    "nativePrivateDirty",
    "dalvikPrivateDirty",
    "eglPrivateDirty",
    "glPrivateDirty",
    "totalPss",
    "nativePss",
    "dalvikPss",
    "eglPss",
    "glPss",
    "nativeHeapAllocatedSize",
    "nativeHeapSize"
  ],
  [
    "95084",
    "29156",
    "39932",
    null,
    null,
    "155355",
    "29320",
    "40610",
    null,
    null,
    "24207",
    "31524"
  ]
][
  [
    "totalPrivateDirty",
    "nativePrivateDirty",
    "dalvikPrivateDirty",
    "eglPrivateDirty",
    "glPrivateDirty",
    "totalPss",
    "nativePss",
    "dalvikPss",
    "eglPss",
    "glPss",
    "nativeHeapAllocatedSize",
    "nativeHeapSize"
  ],
  [
    "95048",
    "29156",
    "39944",
    null,
    null,
    "155319",
    "29320",
    "40622",
    null,
    null,
    "23769",
    "31524"
  ]
][
  [
    "totalPrivateDirty",
    "nativePrivateDirty",
    "dalvikPrivateDirty",
    "eglPrivateDirty",
    "glPrivateDirty",
    "totalPss",
    "nativePss",
    "dalvikPss",
    "eglPss",
    "glPss",
    "nativeHeapAllocatedSize",
    "nativeHeapSize"
  ],
  [
    "105900",
    "29160",
    "47560",
    null,
    null,
    "168191",
    "29331",
    "48240",
    null,
    null,
    "26243",
    "31524"
  ]
][
  [
    "totalPrivateDirty",
    "nativePrivateDirty",
    "dalvikPrivateDirty",
    "eglPrivateDirty",
    "glPrivateDirty",
    "totalPss",
    "nativePss",
    "dalvikPss",
    "eglPss",
    "glPss",
    "nativeHeapAllocatedSize",
    "nativeHeapSize"
  ],
  [
    "97392",
    "29160",
    "41836",
    null,
    null,
    "157895",
    "29331",
    "42516",
    null,
    null,
    "23694",
    "31524"
  ]
][
  [
    "totalPrivateDirty",
    "nativePrivateDirty",
    "dalvikPrivateDirty",
    "eglPrivateDirty",
    "glPrivateDirty",
    "totalPss",
    "nativePss",
    "dalvikPss",
    "eglPss",
    "glPss",
    "nativeHeapAllocatedSize",
    "nativeHeapSize"
  ],
  [
    "75500",
    "28704",
    "24880",
    null,
    null,
    "148347",
    "29103",
    "33512",
    null,
    null,
    "24267",
    "31524"
  ]
][
  [
    "totalPrivateDirty",
    "nativePrivateDirty",
    "dalvikPrivateDirty",
    "eglPrivateDirty",
    "glPrivateDirty",
    "totalPss",
    "nativePss",
    "dalvikPss",
    "eglPss",
    "glPss",
    "nativeHeapAllocatedSize",
    "nativeHeapSize"
  ],
  [
    "106236",
    "29052",
    "47976",
    null,
    null,
    "167289",
    "29223",
    "48656",
    null,
    null,
    "25261",
    "31416"
  ]
][
  [
    "totalPrivateDirty",
    "nativePrivateDirty",
    "dalvikPrivateDirty",
    "eglPrivateDirty",
    "glPrivateDirty",
    "totalPss",
    "nativePss",
    "dalvikPss",
    "eglPss",
    "glPss",
    "nativeHeapAllocatedSize",
    "nativeHeapSize"
  ],
  [
    "115996",
    "29056",
    "55284",
    null,
    null,
    "177218",
    "29243",
    "55964",
    null,
    null,
    "30185",
    "31416"
  ]
][
  [
    "totalPrivateDirty",
    "nativePrivateDirty",
    "dalvikPrivateDirty",
    "eglPrivateDirty",
    "glPrivateDirty",
    "totalPss",
    "nativePss",
    "dalvikPss",
    "eglPss",
    "glPss",
    "nativeHeapAllocatedSize",
    "nativeHeapSize"
  ],
  [
    "111880",
    "29056",
    "52184",
    null,
    null,
    "172960",
    "29243",
    "52864",
    null,
    null,
    "29690",
    "31416"
  ]
][
  [
    "totalPrivateDirty",
    "nativePrivateDirty",
    "dalvikPrivateDirty",
    "eglPrivateDirty",
    "glPrivateDirty",
    "totalPss",
    "nativePss",
    "dalvikPss",
    "eglPss",
    "glPss",
    "nativeHeapAllocatedSize",
    "nativeHeapSize"
  ],
  [
    "116160",
    "29684",
    "52828",
    null,
    null,
    "179122",
    "29871",
    "53508",
    null,
    null,
    "27361",
    "32044"
  ]
][
  [
    "totalPrivateDirty",
    "nativePrivateDirty",
    "dalvikPrivateDirty",
    "eglPrivateDirty",
    "glPrivateDirty",
    "totalPss",
    "nativePss",
    "dalvikPss",
    "eglPss",
    "glPss",
    "nativeHeapAllocatedSize",
    "nativeHeapSize"
  ],
  [
    "102564",
    "29684",
    "45548",
    null,
    null,
    "163586",
    "29871",
    "46228",
    null,
    null,
    "24853",
    "32044"
  ]
][
  [
    "totalPrivateDirty",
    "nativePrivateDirty",
    "dalvikPrivateDirty",
    "eglPrivateDirty",
    "glPrivateDirty",
    "totalPss",
    "nativePss",
    "dalvikPss",
    "eglPss",
    "glPss",
    "nativeHeapAllocatedSize",
    "nativeHeapSize"
  ],
  [
    "83436",
    "29084",
    "30256",
    null,
    null,
    "156130",
    "29571",
    "38856",
    null,
    null,
    "25533",
    "32044"
  ]
][
  [
    "totalPrivateDirty",
    "nativePrivateDirty",
    "dalvikPrivateDirty",
    "eglPrivateDirty",
    "glPrivateDirty",
    "totalPss",
    "nativePss",
    "dalvikPss",
    "eglPss",
    "glPss",
    "nativeHeapAllocatedSize",
    "nativeHeapSize"
  ],
  [
    "106156",
    "29684",
    "47368",
    null,
    null,
    "167136",
    "29871",
    "48048",
    null,
    null,
    "25750",
    "32044"
  ]
][
  [
    "totalPrivateDirty",
    "nativePrivateDirty",
    "dalvikPrivateDirty",
    "eglPrivateDirty",
    "glPrivateDirty",
    "totalPss",
    "nativePss",
    "dalvikPss",
    "eglPss",
    "glPss",
    "nativeHeapAllocatedSize",
    "nativeHeapSize"
  ],
  [
    "112432",
    "29688",
    "51892",
    null,
    null,
    "173690",
    "29875",
    "52572",
    null,
    null,
    "30344",
    "32044"
  ]
][
  [
    "totalPrivateDirty",
    "nativePrivateDirty",
    "dalvikPrivateDirty",
    "eglPrivateDirty",
    "glPrivateDirty",
    "totalPss",
    "nativePss",
    "dalvikPss",
    "eglPss",
    "glPss",
    "nativeHeapAllocatedSize",
    "nativeHeapSize"
  ],
  [
    "112220",
    "29688",
    "51940",
    null,
    null,
    "173474",
    "29875",
    "52620",
    null,
    null,
    "30150",
    "32044"
  ]
][
  [
    "totalPrivateDirty",
    "nativePrivateDirty",
    "dalvikPrivateDirty",
    "eglPrivateDirty",
    "glPrivateDirty",
    "totalPss",
    "nativePss",
    "dalvikPss",
    "eglPss",
    "glPss",
    "nativeHeapAllocatedSize",
    "nativeHeapSize"
  ],
  [
    "117256",
    "31632",
    "54324",
    null,
    null,
    "180396",
    "31819",
    "55004",
    null,
    null,
    "29817",
    "33988"
  ]
][
  [
    "totalPrivateDirty",
    "nativePrivateDirty",
    "dalvikPrivateDirty",
    "eglPrivateDirty",
    "glPrivateDirty",
    "totalPss",
    "nativePss",
    "dalvikPss",
    "eglPss",
    "glPss",
    "nativeHeapAllocatedSize",
    "nativeHeapSize"
  ],
  [
    "111140",
    "31632",
    "50716",
    null,
    null,
    "172380",
    "31819",
    "51396",
    null,
    null,
    "26362",
    "33988"
  ]
][
  [
    "totalPrivateDirty",
    "nativePrivateDirty",
    "dalvikPrivateDirty",
    "eglPrivateDirty",
    "glPrivateDirty",
    "totalPss",
    "nativePss",
    "dalvikPss",
    "eglPss",
    "glPss",
    "nativeHeapAllocatedSize",
    "nativeHeapSize"
  ],
  [
    "72168",
    "24164",
    "25504",
    null,
    null,
    "154461",
    "28084",
    "38810",
    null,
    null,
    "25814",
    "33988"
  ]
][
  [
    "totalPrivateDirty",
    "nativePrivateDirty",
    "dalvikPrivateDirty",
    "eglPrivateDirty",
    "glPrivateDirty",
    "totalPss",
    "nativePss",
    "dalvikPss",
    "eglPss",
    "glPss",
    "nativeHeapAllocatedSize",
    "nativeHeapSize"
  ],
  [
    "114076",
    "31632",
    "51652",
    null,
    null,
    "175494",
    "31819",
    "52332",
    null,
    null,
    "26574",
    "33988"
  ]
][
  [
    "totalPrivateDirty",
    "nativePrivateDirty",
    "dalvikPrivateDirty",
    "eglPrivateDirty",
    "glPrivateDirty",
    "totalPss",
    "nativePss",
    "dalvikPss",
    "eglPss",
    "glPss",
    "nativeHeapAllocatedSize",
    "nativeHeapSize"
  ],
  [
    "119360",
    "31632",
    "53768",
    null,
    null,
    "180932",
    "31819",
    "54448",
    null,
    null,
    "30592",
    "33988"
  ]
][
  [
    "totalPrivateDirty",
    "nativePrivateDirty",
    "dalvikPrivateDirty",
    "eglPrivateDirty",
    "glPrivateDirty",
    "totalPss",
    "nativePss",
    "dalvikPss",
    "eglPss",
    "glPss",
    "nativeHeapAllocatedSize",
    "nativeHeapSize"
  ],
  [
    "117360",
    "31632",
    "52452",
    null,
    null,
    "178677",
    "31819",
    "53132",
    null,
    null,
    "30244",
    "33988"
  ]
][
  [
    "totalPrivateDirty",
    "nativePrivateDirty",
    "dalvikPrivateDirty",
    "eglPrivateDirty",
    "glPrivateDirty",
    "totalPss",
    "nativePss",
    "dalvikPss",
    "eglPss",
    "glPss",
    "nativeHeapAllocatedSize",
    "nativeHeapSize"
  ],
  [
    "121884",
    "31632",
    "54916",
    null,
    null,
    "185537",
    "31825",
    "55599",
    null,
    null,
    "27993",
    "33988"
  ]
][
  [
    "totalPrivateDirty",
    "nativePrivateDirty",
    "dalvikPrivateDirty",
    "eglPrivateDirty",
    "glPrivateDirty",
    "totalPss",
    "nativePss",
    "dalvikPss",
    "eglPss",
    "glPss",
    "nativeHeapAllocatedSize",
    "nativeHeapSize"
  ],
  [
    "109452",
    "31632",
    "48224",
    null,
    null,
    "171209",
    "31825",
    "48907",
    null,
    null,
    "25809",
    "33988"
  ]
][
  [
    "totalPrivateDirty",
    "nativePrivateDirty",
    "dalvikPrivateDirty",
    "eglPrivateDirty",
    "glPrivateDirty",
    "totalPss",
    "nativePss",
    "dalvikPss",
    "eglPss",
    "glPss",
    "nativeHeapAllocatedSize",
    "nativeHeapSize"
  ],
  [
    "112448",
    "31632",
    "50644",
    null,
    null,
    "175855",
    "31825",
    "51327",
    null,
    null,
    "26117",
    "33988"
  ]
][
  [
    "totalPrivateDirty",
    "nativePrivateDirty",
    "dalvikPrivateDirty",
    "eglPrivateDirty",
    "glPrivateDirty",
    "totalPss",
    "nativePss",
    "dalvikPss",
    "eglPss",
    "glPss",
    "nativeHeapAllocatedSize",
    "nativeHeapSize"
  ],
  [
    "116392",
    "31632",
    "53416",
    null,
    null,
    "178360",
    "31825",
    "54099",
    null,
    null,
    "26573",
    "33988"
  ]
][
  [
    "totalPrivateDirty",
    "nativePrivateDirty",
    "dalvikPrivateDirty",
    "eglPrivateDirty",
    "glPrivateDirty",
    "totalPss",
    "nativePss",
    "dalvikPss",
    "eglPss",
    "glPss",
    "nativeHeapAllocatedSize",
    "nativeHeapSize"
  ],
  [
    "124068",
    "31640",
    "58836",
    null,
    null,
    "186123",
    "31833",
    "59519",
    null,
    null,
    "31870",
    "33988"
  ]
][
  [
    "totalPrivateDirty",
    "nativePrivateDirty",
    "dalvikPrivateDirty",
    "eglPrivateDirty",
    "glPrivateDirty",
    "totalPss",
    "nativePss",
    "dalvikPss",
    "eglPss",
    "glPss",
    "nativeHeapAllocatedSize",
    "nativeHeapSize"
  ],
  [
    "121772",
    "31640",
    "57088",
    null,
    null,
    "183812",
    "31833",
    "57771",
    null,
    null,
    "31448",
    "33988"
  ]
][
  [
    "totalPrivateDirty",
    "nativePrivateDirty",
    "dalvikPrivateDirty",
    "eglPrivateDirty",
    "glPrivateDirty",
    "totalPss",
    "nativePss",
    "dalvikPss",
    "eglPss",
    "glPss",
    "nativeHeapAllocatedSize",
    "nativeHeapSize"
  ],
  [
    "128444",
    "32616",
    "60808",
    null,
    null,
    "192448",
    "32809",
    "61491",
    null,
    null,
    "31009",
    "34964"
  ]
][
  [
    "totalPrivateDirty",
    "nativePrivateDirty",
    "dalvikPrivateDirty",
    "eglPrivateDirty",
    "glPrivateDirty",
    "totalPss",
    "nativePss",
    "dalvikPss",
    "eglPss",
    "glPss",
    "nativeHeapAllocatedSize",
    "nativeHeapSize"
  ],
  [
    "118860",
    "32616",
    "55588",
    null,
    null,
    "180854",
    "32809",
    "56271",
    null,
    null,
    "27230",
    "34964"
  ]
][
  [
    "totalPrivateDirty",
    "nativePrivateDirty",
    "dalvikPrivateDirty",
    "eglPrivateDirty",
    "glPrivateDirty",
    "totalPss",
    "nativePss",
    "dalvikPss",
    "eglPss",
    "glPss",
    "nativeHeapAllocatedSize",
    "nativeHeapSize"
  ],
  [
    "118264",
    "32616",
    "55124",
    null,
    null,
    "182194",
    "32809",
    "55887",
    null,
    null,
    "27090",
    "34964"
  ]
][
  [
    "totalPrivateDirty",
    "nativePrivateDirty",
    "dalvikPrivateDirty",
    "eglPrivateDirty",
    "glPrivateDirty",
    "totalPss",
    "nativePss",
    "dalvikPss",
    "eglPss",
    "glPss",
    "nativeHeapAllocatedSize",
    "nativeHeapSize"
  ],
  [
    "119436",
    "32616",
    "54240",
    null,
    null,
    "183358",
    "32809",
    "54923",
    null,
    null,
    "27883",
    "34964"
  ]
][
  [
    "totalPrivateDirty",
    "nativePrivateDirty",
    "dalvikPrivateDirty",
    "eglPrivateDirty",
    "glPrivateDirty",
    "totalPss",
    "nativePss",
    "dalvikPss",
    "eglPss",
    "glPss",
    "nativeHeapAllocatedSize",
    "nativeHeapSize"
  ],
  [
    "124448",
    "32616",
    "56116",
    null,
    null,
    "185875",
    "32809",
    "56799",
    null,
    null,
    "33041",
    "34964"
  ]
][
  [
    "totalPrivateDirty",
    "nativePrivateDirty",
    "dalvikPrivateDirty",
    "eglPrivateDirty",
    "glPrivateDirty",
    "totalPss",
    "nativePss",
    "dalvikPss",
    "eglPss",
    "glPss",
    "nativeHeapAllocatedSize",
    "nativeHeapSize"
  ],
  [
    "123952",
    "32616",
    "55932",
    null,
    null,
    "185124",
    "32809",
    "56615",
    null,
    null,
    "32303",
    "34964"
  ]
][
  [
    "totalPrivateDirty",
    "nativePrivateDirty",
    "dalvikPrivateDirty",
    "eglPrivateDirty",
    "glPrivateDirty",
    "totalPss",
    "nativePss",
    "dalvikPss",
    "eglPss",
    "glPss",
    "nativeHeapAllocatedSize",
    "nativeHeapSize"
  ],
  [
    "130512",
    "33712",
    "59736",
    null,
    null,
    "192999",
    "33905",
    "60419",
    null,
    null,
    "31548",
    "36060"
  ]
][
  [
    "totalPrivateDirty",
    "nativePrivateDirty",
    "dalvikPrivateDirty",
    "eglPrivateDirty",
    "glPrivateDirty",
    "totalPss",
    "nativePss",
    "dalvikPss",
    "eglPss",
    "glPss",
    "nativeHeapAllocatedSize",
    "nativeHeapSize"
  ],
  [
    "121528",
    "33712",
    "54696",
    null,
    null,
    "181979",
    "33905",
    "55379",
    null,
    null,
    "27710",
    "36060"
  ]
][
  [
    "totalPrivateDirty",
    "nativePrivateDirty",
    "dalvikPrivateDirty",
    "eglPrivateDirty",
    "glPrivateDirty",
    "totalPss",
    "nativePss",
    "dalvikPss",
    "eglPss",
    "glPss",
    "nativeHeapAllocatedSize",
    "nativeHeapSize"
  ],
  [
    "111572",
    "33636",
    "46016",
    null,
    null,
    "178797",
    "33867",
    "51221",
    null,
    null,
    "27252",
    "36060"
  ]
][
  [
    "totalPrivateDirty",
    "nativePrivateDirty",
    "dalvikPrivateDirty",
    "eglPrivateDirty",
    "glPrivateDirty",
    "totalPss",
    "nativePss",
    "dalvikPss",
    "eglPss",
    "glPss",
    "nativeHeapAllocatedSize",
    "nativeHeapSize"
  ],
  [
    "120684",
    "33712",
    "52620",
    null,
    null,
    "180843",
    "33905",
    "53303",
    null,
    null,
    "27218",
    "36060"
  ]
][
  [
    "totalPrivateDirty",
    "nativePrivateDirty",
    "dalvikPrivateDirty",
    "eglPrivateDirty",
    "glPrivateDirty",
    "totalPss",
    "nativePss",
    "dalvikPss",
    "eglPss",
    "glPss",
    "nativeHeapAllocatedSize",
    "nativeHeapSize"
  ],
  [
    "127800",
    "33712",
    "58368",
    null,
    null,
    "187228",
    "33905",
    "59051",
    null,
    null,
    "32225",
    "36060"
  ]
][
  [
    "totalPrivateDirty",
    "nativePrivateDirty",
    "dalvikPrivateDirty",
    "eglPrivateDirty",
    "glPrivateDirty",
    "totalPss",
    "nativePss",
    "dalvikPss",
    "eglPss",
    "glPss",
    "nativeHeapAllocatedSize",
    "nativeHeapSize"
  ],
  [
    "126208",
    "33712",
    "57600",
    null,
    null,
    "185452",
    "33905",
    "58283",
    null,
    null,
    "31679",
    "36060"
  ]
][
  [
    "totalPrivateDirty",
    "nativePrivateDirty",
    "dalvikPrivateDirty",
    "eglPrivateDirty",
    "glPrivateDirty",
    "totalPss",
    "nativePss",
    "dalvikPss",
    "eglPss",
    "glPss",
    "nativeHeapAllocatedSize",
    "nativeHeapSize"
  ],
  [
    "129444",
    "33712",
    "59384",
    null,
    null,
    "190142",
    "33905",
    "60067",
    null,
    null,
    "31333",
    "36060"
  ]
][
  [
    "totalPrivateDirty",
    "nativePrivateDirty",
    "dalvikPrivateDirty",
    "eglPrivateDirty",
    "glPrivateDirty",
    "totalPss",
    "nativePss",
    "dalvikPss",
    "eglPss",
    "glPss",
    "nativeHeapAllocatedSize",
    "nativeHeapSize"
  ],
  [
    "122780",
    "33712",
    "55564",
    null,
    null,
    "181797",
    "33914",
    "56249",
    null,
    null,
    "27893",
    "36060"
  ]
][
  [
    "totalPrivateDirty",
    "nativePrivateDirty",
    "dalvikPrivateDirty",
    "eglPrivateDirty",
    "glPrivateDirty",
    "totalPss",
    "nativePss",
    "dalvikPss",
    "eglPss",
    "glPss",
    "nativeHeapAllocatedSize",
    "nativeHeapSize"
  ],
  [
    "94284",
    "33100",
    "31996",
    null,
    null,
    "169423",
    "33608",
    "44619",
    null,
    null,
    "27751",
    "36060"
  ]
][
  [
    "totalPrivateDirty",
    "nativePrivateDirty",
    "dalvikPrivateDirty",
    "eglPrivateDirty",
    "glPrivateDirty",
    "totalPss",
    "nativePss",
    "dalvikPss",
    "eglPss",
    "glPss",
    "nativeHeapAllocatedSize",
    "nativeHeapSize"
  ],
  [
    "121320",
    "33712",
    "52604",
    null,
    null,
    "180117",
    "33914",
    "53289",
    null,
    null,
    "27409",
    "36060"
  ]
][
  [
    "totalPrivateDirty",
    "nativePrivateDirty",
    "dalvikPrivateDirty",
    "eglPrivateDirty",
    "glPrivateDirty",
    "totalPss",
    "nativePss",
    "dalvikPss",
    "eglPss",
    "glPss",
    "nativeHeapAllocatedSize",
    "nativeHeapSize"
  ],
  [
    "131464",
    "33716",
    "59440",
    null,
    null,
    "190610",
    "33918",
    "60125",
    null,
    null,
    "31884",
    "36060"
  ]
][
  [
    "totalPrivateDirty",
    "nativePrivateDirty",
    "dalvikPrivateDirty",
    "eglPrivateDirty",
    "glPrivateDirty",
    "totalPss",
    "nativePss",
    "dalvikPss",
    "eglPss",
    "glPss",
    "nativeHeapAllocatedSize",
    "nativeHeapSize"
  ],
  [
    "128868",
    "33716",
    "57768",
    null,
    null,
    "187749",
    "33918",
    "58453",
    null,
    null,
    "31509",
    "36060"
  ]
][
  [
    "totalPrivateDirty",
    "nativePrivateDirty",
    "dalvikPrivateDirty",
    "eglPrivateDirty",
    "glPrivateDirty",
    "totalPss",
    "nativePss",
    "dalvikPss",
    "eglPss",
    "glPss",
    "nativeHeapAllocatedSize",
    "nativeHeapSize"
  ],
  [
    "134456",
    "33716",
    "61968",
    null,
    null,
    "194763",
    "33918",
    "62653",
    null,
    null,
    "31011",
    "36060"
  ]
][
  [
    "totalPrivateDirty",
    "nativePrivateDirty",
    "dalvikPrivateDirty",
    "eglPrivateDirty",
    "glPrivateDirty",
    "totalPss",
    "nativePss",
    "dalvikPss",
    "eglPss",
    "glPss",
    "nativeHeapAllocatedSize",
    "nativeHeapSize"
  ],
  [
    "125192",
    "33716",
    "56788",
    null,
    null,
    "183399",
    "33918",
    "57473",
    null,
    null,
    "27327",
    "36060"
  ]
][
  [
    "totalPrivateDirty",
    "nativePrivateDirty",
    "dalvikPrivateDirty",
    "eglPrivateDirty",
    "glPrivateDirty",
    "totalPss",
    "nativePss",
    "dalvikPss",
    "eglPss",
    "glPss",
    "nativeHeapAllocatedSize",
    "nativeHeapSize"
  ],
  [
    "101580",
    "33424",
    "36676",
    null,
    null,
    "172587",
    "33772",
    "47189",
    null,
    null,
    "26700",
    "36060"
  ]
][
  [
    "totalPrivateDirty",
    "nativePrivateDirty",
    "dalvikPrivateDirty",
    "eglPrivateDirty",
    "glPrivateDirty",
    "totalPss",
    "nativePss",
    "dalvikPss",
    "eglPss",
    "glPss",
    "nativeHeapAllocatedSize",
    "nativeHeapSize"
  ],
  [
    "123716",
    "33716",
    "54460",
    null,
    null,
    "181745",
    "33918",
    "55145",
    null,
    null,
    "27199",
    "36060"
  ]
][
  [
    "totalPrivateDirty",
    "nativePrivateDirty",
    "dalvikPrivateDirty",
    "eglPrivateDirty",
    "glPrivateDirty",
    "totalPss",
    "nativePss",
    "dalvikPss",
    "eglPss",
    "glPss",
    "nativeHeapAllocatedSize",
    "nativeHeapSize"
  ],
  [
    "132536",
    "33716",
    "60772",
    null,
    null,
    "192479",
    "33918",
    "61457",
    null,
    null,
    "32435",
    "36060"
  ]
][
  [
    "totalPrivateDirty",
    "nativePrivateDirty",
    "dalvikPrivateDirty",
    "eglPrivateDirty",
    "glPrivateDirty",
    "totalPss",
    "nativePss",
    "dalvikPss",
    "eglPss",
    "glPss",
    "nativeHeapAllocatedSize",
    "nativeHeapSize"
  ],
  [
    "129620",
    "33716",
    "58728",
    null,
    null,
    "187194",
    "33918",
    "59413",
    null,
    null,
    "31645",
    "36060"
  ]
][
  [
    "totalPrivateDirty",
    "nativePrivateDirty",
    "dalvikPrivateDirty",
    "eglPrivateDirty",
    "glPrivateDirty",
    "totalPss",
    "nativePss",
    "dalvikPss",
    "eglPss",
    "glPss",
    "nativeHeapAllocatedSize",
    "nativeHeapSize"
  ],
  [
    "135600",
    "33716",
    "61876",
    null,
    null,
    "194742",
    "33918",
    "62561",
    null,
    null,
    "31162",
    "36060"
  ]
][
  [
    "totalPrivateDirty",
    "nativePrivateDirty",
    "dalvikPrivateDirty",
    "eglPrivateDirty",
    "glPrivateDirty",
    "totalPss",
    "nativePss",
    "dalvikPss",
    "eglPss",
    "glPss",
    "nativeHeapAllocatedSize",
    "nativeHeapSize"
  ],
  [
    "126068",
    "33716",
    "56700",
    null,
    null,
    "183102",
    "33918",
    "57385",
    null,
    null,
    "27471",
    "36060"
  ]
][
  [
    "totalPrivateDirty",
    "nativePrivateDirty",
    "dalvikPrivateDirty",
    "eglPrivateDirty",
    "glPrivateDirty",
    "totalPss",
    "nativePss",
    "dalvikPss",
    "eglPss",
    "glPss",
    "nativeHeapAllocatedSize",
    "nativeHeapSize"
  ],
  [
    "119516",
    "33608",
    "50800",
    null,
    null,
    "181294",
    "33864",
    "54269",
    null,
    null,
    "26989",
    "36060"
  ]
][
  [
    "totalPrivateDirty",
    "nativePrivateDirty",
    "dalvikPrivateDirty",
    "eglPrivateDirty",
    "glPrivateDirty",
    "totalPss",
    "nativePss",
    "dalvikPss",
    "eglPss",
    "glPss",
    "nativeHeapAllocatedSize",
    "nativeHeapSize"
  ],
  [
    "127788",
    "33716",
    "56284",
    null,
    null,
    "185141",
    "33918",
    "56969",
    null,
    null,
    "28005",
    "36060"
  ]
][
  [
    "totalPrivateDirty",
    "nativePrivateDirty",
    "dalvikPrivateDirty",
    "eglPrivateDirty",
    "glPrivateDirty",
    "totalPss",
    "nativePss",
    "dalvikPss",
    "eglPss",
    "glPss",
    "nativeHeapAllocatedSize",
    "nativeHeapSize"
  ],
  [
    "132324",
    "33716",
    "57728",
    null,
    null,
    "189634",
    "33918",
    "58413",
    null,
    null,
    "31773",
    "36060"
  ]
][
  [
    "totalPrivateDirty",
    "nativePrivateDirty",
    "dalvikPrivateDirty",
    "eglPrivateDirty",
    "glPrivateDirty",
    "totalPss",
    "nativePss",
    "dalvikPss",
    "eglPss",
    "glPss",
    "nativeHeapAllocatedSize",
    "nativeHeapSize"
  ],
  [
    "128600",
    "33716",
    "55280",
    null,
    null,
    "185793",
    "33918",
    "55965",
    null,
    null,
    "31450",
    "36060"
  ]
][
  [
    "totalPrivateDirty",
    "nativePrivateDirty",
    "dalvikPrivateDirty",
    "eglPrivateDirty",
    "glPrivateDirty",
    "totalPss",
    "nativePss",
    "dalvikPss",
    "eglPss",
    "glPss",
    "nativeHeapAllocatedSize",
    "nativeHeapSize"
  ],
  [
    "136660",
    "33716",
    "59488",
    null,
    null,
    "195823",
    "33918",
    "60173",
    null,
    null,
    "29339",
    "36060"
  ]
][
  [
    "totalPrivateDirty",
    "nativePrivateDirty",
    "dalvikPrivateDirty",
    "eglPrivateDirty",
    "glPrivateDirty",
    "totalPss",
    "nativePss",
    "dalvikPss",
    "eglPss",
    "glPss",
    "nativeHeapAllocatedSize",
    "nativeHeapSize"
  ],
  [
    "120712",
    "33716",
    "50872",
    null,
    null,
    "177813",
    "33918",
    "51557",
    null,
    null,
    "26923",
    "36060"
  ]
][
  [
    "totalPrivateDirty",
    "nativePrivateDirty",
    "dalvikPrivateDirty",
    "eglPrivateDirty",
    "glPrivateDirty",
    "totalPss",
    "nativePss",
    "dalvikPss",
    "eglPss",
    "glPss",
    "nativeHeapAllocatedSize",
    "nativeHeapSize"
  ],
  [
    "104196",
    "26596",
    "44736",
    null,
    null,
    "171147",
    "30356",
    "48731",
    null,
    null,
    "27161",
    "36060"
  ]
][
  [
    "totalPrivateDirty",
    "nativePrivateDirty",
    "dalvikPrivateDirty",
    "eglPrivateDirty",
    "glPrivateDirty",
    "totalPss",
    "nativePss",
    "dalvikPss",
    "eglPss",
    "glPss",
    "nativeHeapAllocatedSize",
    "nativeHeapSize"
  ],
  [
    "126068",
    "33716",
    "54872",
    null,
    null,
    "183328",
    "33918",
    "55557",
    null,
    null,
    "27760",
    "36060"
  ]
][
  [
    "totalPrivateDirty",
    "nativePrivateDirty",
    "dalvikPrivateDirty",
    "eglPrivateDirty",
    "glPrivateDirty",
    "totalPss",
    "nativePss",
    "dalvikPss",
    "eglPss",
    "glPss",
    "nativeHeapAllocatedSize",
    "nativeHeapSize"
  ],
  [
    "131232",
    "33716",
    "58380",
    null,
    null,
    "188016",
    "33918",
    "59065",
    null,
    null,
    "32953",
    "36060"
  ]
][
  [
    "totalPrivateDirty",
    "nativePrivateDirty",
    "dalvikPrivateDirty",
    "eglPrivateDirty",
    "glPrivateDirty",
    "totalPss",
    "nativePss",
    "dalvikPss",
    "eglPss",
    "glPss",
    "nativeHeapAllocatedSize",
    "nativeHeapSize"
  ],
  [
    "129676",
    "33716",
    "57076",
    null,
    null,
    "183496",
    "33918",
    "57761",
    null,
    null,
    "32091",
    "36060"
  ]
][
  [
    "totalPrivateDirty",
    "nativePrivateDirty",
    "dalvikPrivateDirty",
    "eglPrivateDirty",
    "glPrivateDirty",
    "totalPss",
    "nativePss",
    "dalvikPss",
    "eglPss",
    "glPss",
    "nativeHeapAllocatedSize",
    "nativeHeapSize"
  ],
  [
    "136472",
    "33716",
    "61504",
    null,
    null,
    "191546",
    "33918",
    "62189",
    null,
    null,
    "31736",
    "36060"
  ]
][
  [
    "totalPrivateDirty",
    "nativePrivateDirty",
    "dalvikPrivateDirty",
    "eglPrivateDirty",
    "glPrivateDirty",
    "totalPss",
    "nativePss",
    "dalvikPss",
    "eglPss",
    "glPss",
    "nativeHeapAllocatedSize",
    "nativeHeapSize"
  ],
  [
    "125944",
    "33716",
    "55728",
    null,
    null,
    "177302",
    "33918",
    "56413",
    null,
    null,
    "28046",
    "36060"
  ]
][
  [
    "totalPrivateDirty",
    "nativePrivateDirty",
    "dalvikPrivateDirty",
    "eglPrivateDirty",
    "glPrivateDirty",
    "totalPss",
    "nativePss",
    "dalvikPss",
    "eglPss",
    "glPss",
    "nativeHeapAllocatedSize",
    "nativeHeapSize"
  ],
  [
    "121828",
    "33440",
    "52204",
    null,
    null,
    "176656",
    "33780",
    "54623",
    null,
    null,
    "27827",
    "36060"
  ]
][
  [
    "totalPrivateDirty",
    "nativePrivateDirty",
    "dalvikPrivateDirty",
    "eglPrivateDirty",
    "glPrivateDirty",
    "totalPss",
    "nativePss",
    "dalvikPss",
    "eglPss",
    "glPss",
    "nativeHeapAllocatedSize",
    "nativeHeapSize"
  ],
  [
    "130196",
    "33716",
    "56932",
    null,
    null,
    "181460",
    "33918",
    "57617",
    null,
    null,
    "28736",
    "36060"
  ]
][
  [
    "totalPrivateDirty",
    "nativePrivateDirty",
    "dalvikPrivateDirty",
    "eglPrivateDirty",
    "glPrivateDirty",
    "totalPss",
    "nativePss",
    "dalvikPss",
    "eglPss",
    "glPss",
    "nativeHeapAllocatedSize",
    "nativeHeapSize"
  ],
  [
    "131056",
    "33716",
    "55936",
    null,
    null,
    "182386",
    "33918",
    "56621",
    null,
    null,
    "32557",
    "36060"
  ]
][
  [
    "totalPrivateDirty",
    "nativePrivateDirty",
    "dalvikPrivateDirty",
    "eglPrivateDirty",
    "glPrivateDirty",
    "totalPss",
    "nativePss",
    "dalvikPss",
    "eglPss",
    "glPss",
    "nativeHeapAllocatedSize",
    "nativeHeapSize"
  ],
  [
    "129284",
    "33716",
    "55032",
    null,
    null,
    "180510",
    "33918",
    "55717",
    null,
    null,
    "32326",
    "36060"
  ]
][
  [
    "totalPrivateDirty",
    "nativePrivateDirty",
    "dalvikPrivateDirty",
    "eglPrivateDirty",
    "glPrivateDirty",
    "totalPss",
    "nativePss",
    "dalvikPss",
    "eglPss",
    "glPss",
    "nativeHeapAllocatedSize",
    "nativeHeapSize"
  ],
  [
    "134940",
    "33716",
    "58020",
    null,
    null,
    "188160",
    "33918",
    "58705",
    null,
    null,
    "29841",
    "36060"
  ]
][
  [
    "totalPrivateDirty",
    "nativePrivateDirty",
    "dalvikPrivateDirty",
    "eglPrivateDirty",
    "glPrivateDirty",
    "totalPss",
    "nativePss",
    "dalvikPss",
    "eglPss",
    "glPss",
    "nativeHeapAllocatedSize",
    "nativeHeapSize"
  ],
  [
    "120680",
    "33716",
    "49840",
    null,
    null,
    "171786",
    "33918",
    "50525",
    null,
    null,
    "27473",
    "36060"
  ]
][
  [
    "totalPrivateDirty",
    "nativePrivateDirty",
    "dalvikPrivateDirty",
    "eglPrivateDirty",
    "glPrivateDirty",
    "totalPss",
    "nativePss",
    "dalvikPss",
    "eglPss",
    "glPss",
    "nativeHeapAllocatedSize",
    "nativeHeapSize"
  ],
  [
    "89744",
    "26368",
    "31392",
    null,
    null,
    "154597",
    "30240",
    "41575",
    null,
    null,
    "27764",
    "36060"
  ]
][
  [
    "totalPrivateDirty",
    "nativePrivateDirty",
    "dalvikPrivateDirty",
    "eglPrivateDirty",
    "glPrivateDirty",
    "totalPss",
    "nativePss",
    "dalvikPss",
    "eglPss",
    "glPss",
    "nativeHeapAllocatedSize",
    "nativeHeapSize"
  ],
  [
    "129172",
    "33716",
    "56352",
    null,
    null,
    "177042",
    "33916",
    "57037",
    null,
    null,
    "28583",
    "36060"
  ]
][
  [
    "totalPrivateDirty",
    "nativePrivateDirty",
    "dalvikPrivateDirty",
    "eglPrivateDirty",
    "glPrivateDirty",
    "totalPss",
    "nativePss",
    "dalvikPss",
    "eglPss",
    "glPss",
    "nativeHeapAllocatedSize",
    "nativeHeapSize"
  ],
  [
    "129952",
    "33716",
    "55188",
    null,
    null,
    "177860",
    "33916",
    "55873",
    null,
    null,
    "31592",
    "36060"
  ]
][
  [
    "totalPrivateDirty",
    "nativePrivateDirty",
    "dalvikPrivateDirty",
    "eglPrivateDirty",
    "glPrivateDirty",
    "totalPss",
    "nativePss",
    "dalvikPss",
    "eglPss",
    "glPss",
    "nativeHeapAllocatedSize",
    "nativeHeapSize"
  ],
  [
    "128884",
    "33716",
    "54452",
    null,
    null,
    "176615",
    "33916",
    "55137",
    null,
    null,
    "31346",
    "36060"
  ]
][
  [
    "totalPrivateDirty",
    "nativePrivateDirty",
    "dalvikPrivateDirty",
    "eglPrivateDirty",
    "glPrivateDirty",
    "totalPss",
    "nativePss",
    "dalvikPss",
    "eglPss",
    "glPss",
    "nativeHeapAllocatedSize",
    "nativeHeapSize"
  ],
  [
    "133312",
    "33716",
    "56592",
    null,
    null,
    "182947",
    "33916",
    "57277",
    null,
    null,
    "29321",
    "36060"
  ]
][
  [
    "totalPrivateDirty",
    "nativePrivateDirty",
    "dalvikPrivateDirty",
    "eglPrivateDirty",
    "glPrivateDirty",
    "totalPss",
    "nativePss",
    "dalvikPss",
    "eglPss",
    "glPss",
    "nativeHeapAllocatedSize",
    "nativeHeapSize"
  ],
  [
    "120436",
    "33716",
    "49608",
    null,
    null,
    "168151",
    "33916",
    "50293",
    null,
    null,
    "27117",
    "36060"
  ]
][
  [
    "totalPrivateDirty",
    "nativePrivateDirty",
    "dalvikPrivateDirty",
    "eglPrivateDirty",
    "glPrivateDirty",
    "totalPss",
    "nativePss",
    "dalvikPss",
    "eglPss",
    "glPss",
    "nativeHeapAllocatedSize",
    "nativeHeapSize"
  ],
  [
    "103504",
    "33104",
    "36432",
    null,
    null,
    "161793",
    "33610",
    "44151",
    null,
    null,
    "27829",
    "36060"
  ]
][
  [
    "totalPrivateDirty",
    "nativePrivateDirty",
    "dalvikPrivateDirty",
    "eglPrivateDirty",
    "glPrivateDirty",
    "totalPss",
    "nativePss",
    "dalvikPss",
    "eglPss",
    "glPss",
    "nativeHeapAllocatedSize",
    "nativeHeapSize"
  ],
  [
    "128648",
    "33716",
    "55496",
    null,
    null,
    "176415",
    "33916",
    "56181",
    null,
    null,
    "28644",
    "36060"
  ]
][
  [
    "totalPrivateDirty",
    "nativePrivateDirty",
    "dalvikPrivateDirty",
    "eglPrivateDirty",
    "glPrivateDirty",
    "totalPss",
    "nativePss",
    "dalvikPss",
    "eglPss",
    "glPss",
    "nativeHeapAllocatedSize",
    "nativeHeapSize"
  ],
  [
    "128252",
    "33716",
    "54084",
    null,
    null,
    "176084",
    "33916",
    "54769",
    null,
    null,
    "30937",
    "36060"
  ]
][
  [
    "totalPrivateDirty",
    "nativePrivateDirty",
    "dalvikPrivateDirty",
    "eglPrivateDirty",
    "glPrivateDirty",
    "totalPss",
    "nativePss",
    "dalvikPss",
    "eglPss",
    "glPss",
    "nativeHeapAllocatedSize",
    "nativeHeapSize"
  ],
  [
    "127804",
    "33716",
    "53808",
    null,
    null,
    "175564",
    "33916",
    "54493",
    null,
    null,
    "30834",
    "36060"
  ]
][
  [
    "totalPrivateDirty",
    "nativePrivateDirty",
    "dalvikPrivateDirty",
    "eglPrivateDirty",
    "glPrivateDirty",
    "totalPss",
    "nativePss",
    "dalvikPss",
    "eglPss",
    "glPss",
    "nativeHeapAllocatedSize",
    "nativeHeapSize"
  ],
  [
    "133524",
    "33716",
    "56692",
    null,
    null,
    "182912",
    "33915",
    "57377",
    null,
    null,
    "29418",
    "36060"
  ]
][
  [
    "totalPrivateDirty",
    "nativePrivateDirty",
    "dalvikPrivateDirty",
    "eglPrivateDirty",
    "glPrivateDirty",
    "totalPss",
    "nativePss",
    "dalvikPss",
    "eglPss",
    "glPss",
    "nativeHeapAllocatedSize",
    "nativeHeapSize"
  ],
  [
    "120716",
    "33716",
    "49648",
    null,
    null,
    "166973",
    "33915",
    "50333",
    null,
    null,
    "27675",
    "36060"
  ]
][
  [
    "totalPrivateDirty",
    "nativePrivateDirty",
    "dalvikPrivateDirty",
    "eglPrivateDirty",
    "glPrivateDirty",
    "totalPss",
    "nativePss",
    "dalvikPss",
    "eglPss",
    "glPss",
    "nativeHeapAllocatedSize",
    "nativeHeapSize"
  ],
  [
    "86988",
    "26896",
    "28364",
    null,
    null,
    "150044",
    "30727",
    "40521",
    null,
    null,
    "28044",
    "36060"
  ]
][
  [
    "totalPrivateDirty",
    "nativePrivateDirty",
    "dalvikPrivateDirty",
    "eglPrivateDirty",
    "glPrivateDirty",
    "totalPss",
    "nativePss",
    "dalvikPss",
    "eglPss",
    "glPss",
    "nativeHeapAllocatedSize",
    "nativeHeapSize"
  ],
  [
    "130552",
    "33716",
    "57296",
    null,
    null,
    "176065",
    "33915",
    "57981",
    null,
    null,
    "28912",
    "36060"
  ]
][
  [
    "totalPrivateDirty",
    "nativePrivateDirty",
    "dalvikPrivateDirty",
    "eglPrivateDirty",
    "glPrivateDirty",
    "totalPss",
    "nativePss",
    "dalvikPss",
    "eglPss",
    "glPss",
    "nativeHeapAllocatedSize",
    "nativeHeapSize"
  ],
  [
    "129848",
    "33716",
    "55380",
    null,
    null,
    "173827",
    "33919",
    "56065",
    null,
    null,
    "33329",
    "36060"
  ]
][
  [
    "totalPrivateDirty",
    "nativePrivateDirty",
    "dalvikPrivateDirty",
    "eglPrivateDirty",
    "glPrivateDirty",
    "totalPss",
    "nativePss",
    "dalvikPss",
    "eglPss",
    "glPss",
    "nativeHeapAllocatedSize",
    "nativeHeapSize"
  ],
  [
    "128748",
    "33716",
    "54720",
    null,
    null,
    "172462",
    "33919",
    "55405",
    null,
    null,
    "32606",
    "36060"
  ]
][
  [
    "totalPrivateDirty",
    "nativePrivateDirty",
    "dalvikPrivateDirty",
    "eglPrivateDirty",
    "glPrivateDirty",
    "totalPss",
    "nativePss",
    "dalvikPss",
    "eglPss",
    "glPss",
    "nativeHeapAllocatedSize",
    "nativeHeapSize"
  ],
  [
    "135808",
    "33716",
    "60016",
    null,
    null,
    "181894",
    "33919",
    "60701",
    null,
    null,
    "31236",
    "36060"
  ]
][
  [
    "totalPrivateDirty",
    "nativePrivateDirty",
    "dalvikPrivateDirty",
    "eglPrivateDirty",
    "glPrivateDirty",
    "totalPss",
    "nativePss",
    "dalvikPss",
    "eglPss",
    "glPss",
    "nativeHeapAllocatedSize",
    "nativeHeapSize"
  ],
  [
    "125244",
    "33716",
    "51488",
    null,
    null,
    "169020",
    "33919",
    "52173",
    null,
    null,
    "27393",
    "36060"
  ]
][
  [
    "totalPrivateDirty",
    "nativePrivateDirty",
    "dalvikPrivateDirty",
    "eglPrivateDirty",
    "glPrivateDirty",
    "totalPss",
    "nativePss",
    "dalvikPss",
    "eglPss",
    "glPss",
    "nativeHeapAllocatedSize",
    "nativeHeapSize"
  ],
  [
    "96100",
    "10380",
    "48776",
    null,
    null,
    "154301",
    "22198",
    "49832",
    null,
    null,
    "27966",
    "36060"
  ]
][
  [
    "totalPrivateDirty",
    "nativePrivateDirty",
    "dalvikPrivateDirty",
    "eglPrivateDirty",
    "glPrivateDirty",
    "totalPss",
    "nativePss",
    "dalvikPss",
    "eglPss",
    "glPss",
    "nativeHeapAllocatedSize",
    "nativeHeapSize"
  ],
  [
    "126748",
    "33716",
    "53748",
    null,
    null,
    "170711",
    "33919",
    "54433",
    null,
    null,
    "28533",
    "36060"
  ]
][
  [
    "totalPrivateDirty",
    "nativePrivateDirty",
    "dalvikPrivateDirty",
    "eglPrivateDirty",
    "glPrivateDirty",
    "totalPss",
    "nativePss",
    "dalvikPss",
    "eglPss",
    "glPss",
    "nativeHeapAllocatedSize",
    "nativeHeapSize"
  ],
  [
    "134160",
    "33716",
    "59172",
    null,
    null,
    "178450",
    "33919",
    "59857",
    null,
    null,
    "33094",
    "36060"
  ]
][
  [
    "totalPrivateDirty",
    "nativePrivateDirty",
    "dalvikPrivateDirty",
    "eglPrivateDirty",
    "glPrivateDirty",
    "totalPss",
    "nativePss",
    "dalvikPss",
    "eglPss",
    "glPss",
    "nativeHeapAllocatedSize",
    "nativeHeapSize"
  ],
  [
    "133148",
    "33716",
    "58596",
    null,
    null,
    "177402",
    "33919",
    "59281",
    null,
    null,
    "32845",
    "36060"
  ]
][
  [
    "totalPrivateDirty",
    "nativePrivateDirty",
    "dalvikPrivateDirty",
    "eglPrivateDirty",
    "glPrivateDirty",
    "totalPss",
    "nativePss",
    "dalvikPss",
    "eglPss",
    "glPss",
    "nativeHeapAllocatedSize",
    "nativeHeapSize"
  ],
  [
    "136324",
    "34072",
    "60968",
    null,
    null,
    "182514",
    "34275",
    "61653",
    null,
    null,
    "32144",
    "36416"
  ]
][
  [
    "totalPrivateDirty",
    "nativePrivateDirty",
    "dalvikPrivateDirty",
    "eglPrivateDirty",
    "glPrivateDirty",
    "totalPss",
    "nativePss",
    "dalvikPss",
    "eglPss",
    "glPss",
    "nativeHeapAllocatedSize",
    "nativeHeapSize"
  ],
  [
    "128492",
    "34072",
    "56304",
    null,
    null,
    "171463",
    "34275",
    "56989",
    null,
    null,
    "28567",
    "36416"
  ]
][
  [
    "totalPrivateDirty",
    "nativePrivateDirty",
    "dalvikPrivateDirty",
    "eglPrivateDirty",
    "glPrivateDirty",
    "totalPss",
    "nativePss",
    "dalvikPss",
    "eglPss",
    "glPss",
    "nativeHeapAllocatedSize",
    "nativeHeapSize"
  ],
  [
    "128936",
    "34072",
    "56768",
    null,
    null,
    "173407",
    "34275",
    "57453",
    null,
    null,
    "28277",
    "36416"
  ]
][
  [
    "totalPrivateDirty",
    "nativePrivateDirty",
    "dalvikPrivateDirty",
    "eglPrivateDirty",
    "glPrivateDirty",
    "totalPss",
    "nativePss",
    "dalvikPss",
    "eglPss",
    "glPss",
    "nativeHeapAllocatedSize",
    "nativeHeapSize"
  ],
  [
    "112844",
    "27168",
    "48384",
    null,
    null,
    "162602",
    "30823",
    "51775",
    null,
    null,
    "28057",
    "36416"
  ]
][
  [
    "totalPrivateDirty",
    "nativePrivateDirty",
    "dalvikPrivateDirty",
    "eglPrivateDirty",
    "glPrivateDirty",
    "totalPss",
    "nativePss",
    "dalvikPss",
    "eglPss",
    "glPss",
    "nativeHeapAllocatedSize",
    "nativeHeapSize"
  ],
  [
    "133204",
    "34072",
    "57780",
    null,
    null,
    "176463",
    "34275",
    "58465",
    null,
    null,
    "32363",
    "36416"
  ]
][
  [
    "totalPrivateDirty",
    "nativePrivateDirty",
    "dalvikPrivateDirty",
    "eglPrivateDirty",
    "glPrivateDirty",
    "totalPss",
    "nativePss",
    "dalvikPss",
    "eglPss",
    "glPss",
    "nativeHeapAllocatedSize",
    "nativeHeapSize"
  ],
  [
    "131592",
    "34072",
    "56640",
    null,
    null,
    "175044",
    "34275",
    "57325",
    null,
    null,
    "32138",
    "36416"
  ]
][
  [
    "totalPrivateDirty",
    "nativePrivateDirty",
    "dalvikPrivateDirty",
    "eglPrivateDirty",
    "glPrivateDirty",
    "totalPss",
    "nativePss",
    "dalvikPss",
    "eglPss",
    "glPss",
    "nativeHeapAllocatedSize",
    "nativeHeapSize"
  ],
  [
    "135472",
    "34072",
    "59156",
    null,
    null,
    "181740",
    "34275",
    "59841",
    null,
    null,
    "30225",
    "36416"
  ]
][
  [
    "totalPrivateDirty",
    "nativePrivateDirty",
    "dalvikPrivateDirty",
    "eglPrivateDirty",
    "glPrivateDirty",
    "totalPss",
    "nativePss",
    "dalvikPss",
    "eglPss",
    "glPss",
    "nativeHeapAllocatedSize",
    "nativeHeapSize"
  ],
  [
    "123460",
    "34072",
    "51536",
    null,
    null,
    "166582",
    "34274",
    "52226",
    null,
    null,
    "27942",
    "36416"
  ]
][
  [
    "totalPrivateDirty",
    "nativePrivateDirty",
    "dalvikPrivateDirty",
    "eglPrivateDirty",
    "glPrivateDirty",
    "totalPss",
    "nativePss",
    "dalvikPss",
    "eglPss",
    "glPss",
    "nativeHeapAllocatedSize",
    "nativeHeapSize"
  ],
  [
    "80736",
    "20052",
    "38020",
    null,
    null,
    "139217",
    "20226",
    "38109",
    null,
    null,
    "22235",
    "22556"
  ]
][
  [
    "totalPrivateDirty",
    "nativePrivateDirty",
    "dalvikPrivateDirty",
    "eglPrivateDirty",
    "glPrivateDirty",
    "totalPss",
    "nativePss",
    "dalvikPss",
    "eglPss",
    "glPss",
    "nativeHeapAllocatedSize",
    "nativeHeapSize"
  ],
  [
    "72760",
    "20064",
    "31972",
    null,
    null,
    "130393",
    "20241",
    "32658",
    null,
    null,
    "21327",
    "22556"
  ]
][
  [
    "totalPrivateDirty",
    "nativePrivateDirty",
    "dalvikPrivateDirty",
    "eglPrivateDirty",
    "glPrivateDirty",
    "totalPss",
    "nativePss",
    "dalvikPss",
    "eglPss",
    "glPss",
    "nativeHeapAllocatedSize",
    "nativeHeapSize"
  ],
  [
    "73076",
    "20156",
    "32004",
    null,
    null,
    "131241",
    "20333",
    "32690",
    null,
    null,
    "21663",
    "22556"
  ]
][
  [
    "totalPrivateDirty",
    "nativePrivateDirty",
    "dalvikPrivateDirty",
    "eglPrivateDirty",
    "glPrivateDirty",
    "totalPss",
    "nativePss",
    "dalvikPss",
    "eglPss",
    "glPss",
    "nativeHeapAllocatedSize",
    "nativeHeapSize"
  ],
  [
    "81880",
    "21168",
    "36780",
    null,
    null,
    "142606",
    "21345",
    "37466",
    null,
    null,
    "22613",
    "23872"
  ]
][
  [
    "totalPrivateDirty",
    "nativePrivateDirty",
    "dalvikPrivateDirty",
    "eglPrivateDirty",
    "glPrivateDirty",
    "totalPss",
    "nativePss",
    "dalvikPss",
    "eglPss",
    "glPss",
    "nativeHeapAllocatedSize",
    "nativeHeapSize"
  ],
  [
    "99492",
    "25256",
    "47236",
    null,
    null,
    "161707",
    "25437",
    "47922",
    null,
    null,
    "27550",
    "27740"
  ]
][
  [
    "totalPrivateDirty",
    "nativePrivateDirty",
    "dalvikPrivateDirty",
    "eglPrivateDirty",
    "glPrivateDirty",
    "totalPss",
    "nativePss",
    "dalvikPss",
    "eglPss",
    "glPss",
    "nativeHeapAllocatedSize",
    "nativeHeapSize"
  ],
  [
    "96384",
    "25212",
    "44860",
    null,
    null,
    "158306",
    "25393",
    "45546",
    null,
    null,
    "27069",
    "27812"
  ]
][
  [
    "totalPrivateDirty",
    "nativePrivateDirty",
    "dalvikPrivateDirty",
    "eglPrivateDirty",
    "glPrivateDirty",
    "totalPss",
    "nativePss",
    "dalvikPss",
    "eglPss",
    "glPss",
    "nativeHeapAllocatedSize",
    "nativeHeapSize"
  ],
  [
    "101088",
    "26000",
    "45388",
    null,
    null,
    "165013",
    "26180",
    "46074",
    null,
    null,
    "25269",
    "28480"
  ]
][
  [
    "totalPrivateDirty",
    "nativePrivateDirty",
    "dalvikPrivateDirty",
    "eglPrivateDirty",
    "glPrivateDirty",
    "totalPss",
    "nativePss",
    "dalvikPss",
    "eglPss",
    "glPss",
    "nativeHeapAllocatedSize",
    "nativeHeapSize"
  ],
  [
    "87220",
    "26000",
    "37872",
    null,
    null,
    "149027",
    "26180",
    "38558",
    null,
    null,
    "23087",
    "28480"
  ]
][
  [
    "totalPrivateDirty",
    "nativePrivateDirty",
    "dalvikPrivateDirty",
    "eglPrivateDirty",
    "glPrivateDirty",
    "totalPss",
    "nativePss",
    "dalvikPss",
    "eglPss",
    "glPss",
    "nativeHeapAllocatedSize",
    "nativeHeapSize"
  ],
  [
    "86396",
    "25740",
    "37232",
    null,
    null,
    "150516",
    "25920",
    "38452",
    null,
    null,
    "23752",
    "28220"
  ]
][
  [
    "totalPrivateDirty",
    "nativePrivateDirty",
    "dalvikPrivateDirty",
    "eglPrivateDirty",
    "glPrivateDirty",
    "totalPss",
    "nativePss",
    "dalvikPss",
    "eglPss",
    "glPss",
    "nativeHeapAllocatedSize",
    "nativeHeapSize"
  ],
  [
    "96396",
    "25740",
    "44500",
    null,
    null,
    "158538",
    "25920",
    "45186",
    null,
    null,
    "24387",
    "28220"
  ]
][
  [
    "totalPrivateDirty",
    "nativePrivateDirty",
    "dalvikPrivateDirty",
    "eglPrivateDirty",
    "glPrivateDirty",
    "totalPss",
    "nativePss",
    "dalvikPss",
    "eglPss",
    "glPss",
    "nativeHeapAllocatedSize",
    "nativeHeapSize"
  ],
  [
    "99956",
    "26404",
    "45192",
    null,
    null,
    "162482",
    "26584",
    "45878",
    null,
    null,
    "28561",
    "28884"
  ]
][
  [
    "totalPrivateDirty",
    "nativePrivateDirty",
    "dalvikPrivateDirty",
    "eglPrivateDirty",
    "glPrivateDirty",
    "totalPss",
    "nativePss",
    "dalvikPss",
    "eglPss",
    "glPss",
    "nativeHeapAllocatedSize",
    "nativeHeapSize"
  ],
  [
    "97736",
    "26404",
    "43744",
    null,
    null,
    "159985",
    "26584",
    "44430",
    null,
    null,
    "28308",
    "28884"
  ]
][
  [
    "totalPrivateDirty",
    "nativePrivateDirty",
    "dalvikPrivateDirty",
    "eglPrivateDirty",
    "glPrivateDirty",
    "totalPss",
    "nativePss",
    "dalvikPss",
    "eglPss",
    "glPss",
    "nativeHeapAllocatedSize",
    "nativeHeapSize"
  ],
  [
    "102788",
    "26984",
    "46036",
    null,
    null,
    "166955",
    "27164",
    "46722",
    null,
    null,
    "25906",
    "29472"
  ]
][
  [
    "totalPrivateDirty",
    "nativePrivateDirty",
    "dalvikPrivateDirty",
    "eglPrivateDirty",
    "glPrivateDirty",
    "totalPss",
    "nativePss",
    "dalvikPss",
    "eglPss",
    "glPss",
    "nativeHeapAllocatedSize",
    "nativeHeapSize"
  ],
  [
    "90568",
    "26984",
    "39096",
    null,
    null,
    "152655",
    "27164",
    "39782",
    null,
    null,
    "23740",
    "29472"
  ]
][
  [
    "totalPrivateDirty",
    "nativePrivateDirty",
    "dalvikPrivateDirty",
    "eglPrivateDirty",
    "glPrivateDirty",
    "totalPss",
    "nativePss",
    "dalvikPss",
    "eglPss",
    "glPss",
    "nativeHeapAllocatedSize",
    "nativeHeapSize"
  ],
  [
    "88324",
    "26976",
    "37292",
    null,
    null,
    "154697",
    "27160",
    "39914",
    null,
    null,
    "24888",
    "29472"
  ]
][
  [
    "totalPrivateDirty",
    "nativePrivateDirty",
    "dalvikPrivateDirty",
    "eglPrivateDirty",
    "glPrivateDirty",
    "totalPss",
    "nativePss",
    "dalvikPss",
    "eglPss",
    "glPss",
    "nativeHeapAllocatedSize",
    "nativeHeapSize"
  ],
  [
    "101696",
    "26992",
    "46248",
    null,
    null,
    "164261",
    "27172",
    "46934",
    null,
    null,
    "25282",
    "29472"
  ]
][
  [
    "totalPrivateDirty",
    "nativePrivateDirty",
    "dalvikPrivateDirty",
    "eglPrivateDirty",
    "glPrivateDirty",
    "totalPss",
    "nativePss",
    "dalvikPss",
    "eglPss",
    "glPss",
    "nativeHeapAllocatedSize",
    "nativeHeapSize"
  ],
  [
    "102324",
    "26992",
    "45856",
    null,
    null,
    "164924",
    "27172",
    "46542",
    null,
    null,
    "29287",
    "29472"
  ]
][
  [
    "totalPrivateDirty",
    "nativePrivateDirty",
    "dalvikPrivateDirty",
    "eglPrivateDirty",
    "glPrivateDirty",
    "totalPss",
    "nativePss",
    "dalvikPss",
    "eglPss",
    "glPss",
    "nativeHeapAllocatedSize",
    "nativeHeapSize"
  ],
  [
    "101448",
    "26992",
    "45212",
    null,
    null,
    "163947",
    "27172",
    "45898",
    null,
    null,
    "29038",
    "29472"
  ]
][
  [
    "totalPrivateDirty",
    "nativePrivateDirty",
    "dalvikPrivateDirty",
    "eglPrivateDirty",
    "glPrivateDirty",
    "totalPss",
    "nativePss",
    "dalvikPss",
    "eglPss",
    "glPss",
    "nativeHeapAllocatedSize",
    "nativeHeapSize"
  ],
  [
    "109800",
    "28700",
    "48672",
    null,
    null,
    "174243",
    "28880",
    "49358",
    null,
    null,
    "26798",
    "31180"
  ]
][
  [
    "totalPrivateDirty",
    "nativePrivateDirty",
    "dalvikPrivateDirty",
    "eglPrivateDirty",
    "glPrivateDirty",
    "totalPss",
    "nativePss",
    "dalvikPss",
    "eglPss",
    "glPss",
    "nativeHeapAllocatedSize",
    "nativeHeapSize"
  ],
  [
    "95640",
    "28700",
    "40932",
    null,
    null,
    "158149",
    "28880",
    "41618",
    null,
    null,
    "24644",
    "31180"
  ]
][
  [
    "totalPrivateDirty",
    "nativePrivateDirty",
    "dalvikPrivateDirty",
    "eglPrivateDirty",
    "glPrivateDirty",
    "totalPss",
    "nativePss",
    "dalvikPss",
    "eglPss",
    "glPss",
    "nativeHeapAllocatedSize",
    "nativeHeapSize"
  ],
  [
    "92476",
    "28692",
    "38096",
    null,
    null,
    "159969",
    "28876",
    "41584",
    null,
    null,
    "25277",
    "31180"
  ]
][
  [
    "totalPrivateDirty",
    "nativePrivateDirty",
    "dalvikPrivateDirty",
    "eglPrivateDirty",
    "glPrivateDirty",
    "totalPss",
    "nativePss",
    "dalvikPss",
    "eglPss",
    "glPss",
    "nativeHeapAllocatedSize",
    "nativeHeapSize"
  ],
  [
    "101580",
    "28700",
    "45160",
    null,
    null,
    "164358",
    "28880",
    "45846",
    null,
    null,
    "26263",
    "31180"
  ]
][
  [
    "totalPrivateDirty",
    "nativePrivateDirty",
    "dalvikPrivateDirty",
    "eglPrivateDirty",
    "glPrivateDirty",
    "totalPss",
    "nativePss",
    "dalvikPss",
    "eglPss",
    "glPss",
    "nativeHeapAllocatedSize",
    "nativeHeapSize"
  ],
  [
    "113140",
    "29548",
    "53136",
    null,
    null,
    "176245",
    "29728",
    "53822",
    null,
    null,
    "31836",
    "32036"
  ]
][
  [
    "totalPrivateDirty",
    "nativePrivateDirty",
    "dalvikPrivateDirty",
    "eglPrivateDirty",
    "glPrivateDirty",
    "totalPss",
    "nativePss",
    "dalvikPss",
    "eglPss",
    "glPss",
    "nativeHeapAllocatedSize",
    "nativeHeapSize"
  ],
  [
    "111076",
    "29632",
    "51652",
    null,
    null,
    "174005",
    "29812",
    "52338",
    null,
    null,
    "30960",
    "32112"
  ]
][
  [
    "totalPrivateDirty",
    "nativePrivateDirty",
    "dalvikPrivateDirty",
    "eglPrivateDirty",
    "glPrivateDirty",
    "totalPss",
    "nativePss",
    "dalvikPss",
    "eglPss",
    "glPss",
    "nativeHeapAllocatedSize",
    "nativeHeapSize"
  ],
  [
    "118964",
    "32164",
    "54980",
    null,
    null,
    "183911",
    "32344",
    "55666",
    null,
    null,
    "29866",
    "34636"
  ]
][
  [
    "totalPrivateDirty",
    "nativePrivateDirty",
    "dalvikPrivateDirty",
    "eglPrivateDirty",
    "glPrivateDirty",
    "totalPss",
    "nativePss",
    "dalvikPss",
    "eglPss",
    "glPss",
    "nativeHeapAllocatedSize",
    "nativeHeapSize"
  ],
  [
    "110360",
    "32164",
    "50304",
    null,
    null,
    "173287",
    "32344",
    "50990",
    null,
    null,
    "26170",
    "34636"
  ]
][
  [
    "totalPrivateDirty",
    "nativePrivateDirty",
    "dalvikPrivateDirty",
    "eglPrivateDirty",
    "glPrivateDirty",
    "totalPss",
    "nativePss",
    "dalvikPss",
    "eglPss",
    "glPss",
    "nativeHeapAllocatedSize",
    "nativeHeapSize"
  ],
  [
    "71212",
    "8496",
    "38636",
    null,
    null,
    "155633",
    "20838",
    "44945",
    null,
    null,
    "25856",
    "34636"
  ]
][
  [
    "totalPrivateDirty",
    "nativePrivateDirty",
    "dalvikPrivateDirty",
    "eglPrivateDirty",
    "glPrivateDirty",
    "totalPss",
    "nativePss",
    "dalvikPss",
    "eglPss",
    "glPss",
    "nativeHeapAllocatedSize",
    "nativeHeapSize"
  ],
  [
    "95288",
    "25192",
    "41728",
    null,
    null,
    "165869",
    "28858",
    "45688",
    null,
    null,
    "26225",
    "34636"
  ]
][
  [
    "totalPrivateDirty",
    "nativePrivateDirty",
    "dalvikPrivateDirty",
    "eglPrivateDirty",
    "glPrivateDirty",
    "totalPss",
    "nativePss",
    "dalvikPss",
    "eglPss",
    "glPss",
    "nativeHeapAllocatedSize",
    "nativeHeapSize"
  ],
  [
    "121336",
    "32164",
    "54796",
    null,
    null,
    "184595",
    "32344",
    "55482",
    null,
    null,
    "30700",
    "34636"
  ]
][
  [
    "totalPrivateDirty",
    "nativePrivateDirty",
    "dalvikPrivateDirty",
    "eglPrivateDirty",
    "glPrivateDirty",
    "totalPss",
    "nativePss",
    "dalvikPss",
    "eglPss",
    "glPss",
    "nativeHeapAllocatedSize",
    "nativeHeapSize"
  ],
  [
    "118052",
    "32164",
    "52512",
    null,
    null,
    "181065",
    "32344",
    "53198",
    null,
    null,
    "30199",
    "34636"
  ]
][
  [
    "totalPrivateDirty",
    "nativePrivateDirty",
    "dalvikPrivateDirty",
    "eglPrivateDirty",
    "glPrivateDirty",
    "totalPss",
    "nativePss",
    "dalvikPss",
    "eglPss",
    "glPss",
    "nativeHeapAllocatedSize",
    "nativeHeapSize"
  ],
  [
    "121760",
    "32164",
    "53924",
    null,
    null,
    "186665",
    "32344",
    "54610",
    null,
    null,
    "27864",
    "34636"
  ]
][
  [
    "totalPrivateDirty",
    "nativePrivateDirty",
    "dalvikPrivateDirty",
    "eglPrivateDirty",
    "glPrivateDirty",
    "totalPss",
    "nativePss",
    "dalvikPss",
    "eglPss",
    "glPss",
    "nativeHeapAllocatedSize",
    "nativeHeapSize"
  ],
  [
    "108892",
    "32164",
    "46948",
    null,
    null,
    "171905",
    "32344",
    "47634",
    null,
    null,
    "25720",
    "34636"
  ]
][
  [
    "totalPrivateDirty",
    "nativePrivateDirty",
    "dalvikPrivateDirty",
    "eglPrivateDirty",
    "glPrivateDirty",
    "totalPss",
    "nativePss",
    "dalvikPss",
    "eglPss",
    "glPss",
    "nativeHeapAllocatedSize",
    "nativeHeapSize"
  ],
  [
    "92688",
    "31640",
    "34132",
    null,
    null,
    "166973",
    "32082",
    "42332",
    null,
    null,
    "26487",
    "34636"
  ]
][
  [
    "totalPrivateDirty",
    "nativePrivateDirty",
    "dalvikPrivateDirty",
    "eglPrivateDirty",
    "glPrivateDirty",
    "totalPss",
    "nativePss",
    "dalvikPss",
    "eglPss",
    "glPss",
    "nativeHeapAllocatedSize",
    "nativeHeapSize"
  ],
  [
    "113348",
    "32164",
    "49612",
    null,
    null,
    "176342",
    "32344",
    "50298",
    null,
    null,
    "25994",
    "34636"
  ]
][
  [
    "totalPrivateDirty",
    "nativePrivateDirty",
    "dalvikPrivateDirty",
    "eglPrivateDirty",
    "glPrivateDirty",
    "totalPss",
    "nativePss",
    "dalvikPss",
    "eglPss",
    "glPss",
    "nativeHeapAllocatedSize",
    "nativeHeapSize"
  ],
  [
    "122508",
    "31948",
    "55900",
    null,
    null,
    "185837",
    "32128",
    "56586",
    null,
    null,
    "29150",
    "34420"
  ]
][
  [
    "totalPrivateDirty",
    "nativePrivateDirty",
    "dalvikPrivateDirty",
    "eglPrivateDirty",
    "glPrivateDirty",
    "totalPss",
    "nativePss",
    "dalvikPss",
    "eglPss",
    "glPss",
    "nativeHeapAllocatedSize",
    "nativeHeapSize"
  ],
  [
    "120824",
    "31948",
    "54780",
    null,
    null,
    "184132",
    "32128",
    "55466",
    null,
    null,
    "29062",
    "34420"
  ]
][
  [
    "totalPrivateDirty",
    "nativePrivateDirty",
    "dalvikPrivateDirty",
    "eglPrivateDirty",
    "glPrivateDirty",
    "totalPss",
    "nativePss",
    "dalvikPss",
    "eglPss",
    "glPss",
    "nativeHeapAllocatedSize",
    "nativeHeapSize"
  ],
  [
    "125272",
    "31948",
    "58348",
    null,
    null,
    "190498",
    "32128",
    "59034",
    null,
    null,
    "30172",
    "34420"
  ]
][
  [
    "totalPrivateDirty",
    "nativePrivateDirty",
    "dalvikPrivateDirty",
    "eglPrivateDirty",
    "glPrivateDirty",
    "totalPss",
    "nativePss",
    "dalvikPss",
    "eglPss",
    "glPss",
    "nativeHeapAllocatedSize",
    "nativeHeapSize"
  ],
  [
    "117440",
    "31948",
    "53980",
    null,
    null,
    "180766",
    "32128",
    "54666",
    null,
    null,
    "27334",
    "34420"
  ]
][
  [
    "totalPrivateDirty",
    "nativePrivateDirty",
    "dalvikPrivateDirty",
    "eglPrivateDirty",
    "glPrivateDirty",
    "totalPss",
    "nativePss",
    "dalvikPss",
    "eglPss",
    "glPss",
    "nativeHeapAllocatedSize",
    "nativeHeapSize"
  ],
  [
    "119456",
    "31948",
    "55136",
    null,
    null,
    "184170",
    "32128",
    "55822",
    null,
    null,
    "27068",
    "34420"
  ]
][
  [
    "totalPrivateDirty",
    "nativePrivateDirty",
    "dalvikPrivateDirty",
    "eglPrivateDirty",
    "glPrivateDirty",
    "totalPss",
    "nativePss",
    "dalvikPss",
    "eglPss",
    "glPss",
    "nativeHeapAllocatedSize",
    "nativeHeapSize"
  ],
  [
    "117668",
    "31948",
    "52228",
    null,
    null,
    "180738",
    "32128",
    "52914",
    null,
    null,
    "26678",
    "34420"
  ]
][
  [
    "totalPrivateDirty",
    "nativePrivateDirty",
    "dalvikPrivateDirty",
    "eglPrivateDirty",
    "glPrivateDirty",
    "totalPss",
    "nativePss",
    "dalvikPss",
    "eglPss",
    "glPss",
    "nativeHeapAllocatedSize",
    "nativeHeapSize"
  ],
  [
    "126660",
    "31948",
    "58896",
    null,
    null,
    "189987",
    "32128",
    "59582",
    null,
    null,
    "31207",
    "34420"
  ]
][
  [
    "totalPrivateDirty",
    "nativePrivateDirty",
    "dalvikPrivateDirty",
    "eglPrivateDirty",
    "glPrivateDirty",
    "totalPss",
    "nativePss",
    "dalvikPss",
    "eglPss",
    "glPss",
    "nativeHeapAllocatedSize",
    "nativeHeapSize"
  ],
  [
    "125224",
    "31948",
    "57748",
    null,
    null,
    "188922",
    "32134",
    "58440",
    null,
    null,
    "31129",
    "34420"
  ]
][
  [
    "totalPrivateDirty",
    "nativePrivateDirty",
    "dalvikPrivateDirty",
    "eglPrivateDirty",
    "glPrivateDirty",
    "totalPss",
    "nativePss",
    "dalvikPss",
    "eglPss",
    "glPss",
    "nativeHeapAllocatedSize",
    "nativeHeapSize"
  ],
  [
    "128056",
    "31948",
    "58040",
    null,
    null,
    "183633",
    "32128",
    "58736",
    null,
    null,
    "29053",
    "34420"
  ]
][
  [
    "totalPrivateDirty",
    "nativePrivateDirty",
    "dalvikPrivateDirty",
    "eglPrivateDirty",
    "glPrivateDirty",
    "totalPss",
    "nativePss",
    "dalvikPss",
    "eglPss",
    "glPss",
    "nativeHeapAllocatedSize",
    "nativeHeapSize"
  ],
  [
    "114240",
    "31948",
    "50168",
    null,
    null,
    "167909",
    "32128",
    "50864",
    null,
    null,
    "26774",
    "34420"
  ]
][
  [
    "totalPrivateDirty",
    "nativePrivateDirty",
    "dalvikPrivateDirty",
    "eglPrivateDirty",
    "glPrivateDirty",
    "totalPss",
    "nativePss",
    "dalvikPss",
    "eglPss",
    "glPss",
    "nativeHeapAllocatedSize",
    "nativeHeapSize"
  ],
  [
    "94476",
    "31144",
    "35024",
    null,
    null,
    "158267",
    "31726",
    "43166",
    null,
    null,
    "26759",
    "34420"
  ]
][
  [
    "totalPrivateDirty",
    "nativePrivateDirty",
    "dalvikPrivateDirty",
    "eglPrivateDirty",
    "glPrivateDirty",
    "totalPss",
    "nativePss",
    "dalvikPss",
    "eglPss",
    "glPss",
    "nativeHeapAllocatedSize",
    "nativeHeapSize"
  ],
  [
    "116604",
    "31948",
    "51260",
    null,
    null,
    "168812",
    "32128",
    "51956",
    null,
    null,
    "26831",
    "34420"
  ]
][
  [
    "totalPrivateDirty",
    "nativePrivateDirty",
    "dalvikPrivateDirty",
    "eglPrivateDirty",
    "glPrivateDirty",
    "totalPss",
    "nativePss",
    "dalvikPss",
    "eglPss",
    "glPss",
    "nativeHeapAllocatedSize",
    "nativeHeapSize"
  ],
  [
    "115012",
    "31948",
    "49680",
    null,
    null,
    "167212",
    "32128",
    "50376",
    null,
    null,
    "27278",
    "34420"
  ]
][
  [
    "totalPrivateDirty",
    "nativePrivateDirty",
    "dalvikPrivateDirty",
    "eglPrivateDirty",
    "glPrivateDirty",
    "totalPss",
    "nativePss",
    "dalvikPss",
    "eglPss",
    "glPss",
    "nativeHeapAllocatedSize",
    "nativeHeapSize"
  ],
  [
    "116964",
    "31948",
    "51464",
    null,
    null,
    "171342",
    "32128",
    "52160",
    null,
    null,
    "28000",
    "34420"
  ]
][
  [
    "totalPrivateDirty",
    "nativePrivateDirty",
    "dalvikPrivateDirty",
    "eglPrivateDirty",
    "glPrivateDirty",
    "totalPss",
    "nativePss",
    "dalvikPss",
    "eglPss",
    "glPss",
    "nativeHeapAllocatedSize",
    "nativeHeapSize"
  ],
  [
    "130832",
    "31948",
    "58864",
    null,
    null,
    "183319",
    "32128",
    "59560",
    null,
    null,
    "29289",
    "34420"
  ]
][
  [
    "totalPrivateDirty",
    "nativePrivateDirty",
    "dalvikPrivateDirty",
    "eglPrivateDirty",
    "glPrivateDirty",
    "totalPss",
    "nativePss",
    "dalvikPss",
    "eglPss",
    "glPss",
    "nativeHeapAllocatedSize",
    "nativeHeapSize"
  ],
  [
    "114556",
    "31948",
    "49800",
    null,
    null,
    "165014",
    "32128",
    "50496",
    null,
    null,
    "26859",
    "34420"
  ]
][
  [
    "totalPrivateDirty",
    "nativePrivateDirty",
    "dalvikPrivateDirty",
    "eglPrivateDirty",
    "glPrivateDirty",
    "totalPss",
    "nativePss",
    "dalvikPss",
    "eglPss",
    "glPss",
    "nativeHeapAllocatedSize",
    "nativeHeapSize"
  ],
  [
    "94404",
    "31484",
    "33548",
    null,
    null,
    "156742",
    "31900",
    "42418",
    null,
    null,
    "27300",
    "34420"
  ]
][
  [
    "totalPrivateDirty",
    "nativePrivateDirty",
    "dalvikPrivateDirty",
    "eglPrivateDirty",
    "glPrivateDirty",
    "totalPss",
    "nativePss",
    "dalvikPss",
    "eglPss",
    "glPss",
    "nativeHeapAllocatedSize",
    "nativeHeapSize"
  ],
  [
    "118548",
    "31948",
    "52324",
    null,
    null,
    "166330",
    "32132",
    "53020",
    null,
    null,
    "27098",
    "34420"
  ]
][
  [
    "totalPrivateDirty",
    "nativePrivateDirty",
    "dalvikPrivateDirty",
    "eglPrivateDirty",
    "glPrivateDirty",
    "totalPss",
    "nativePss",
    "dalvikPss",
    "eglPss",
    "glPss",
    "nativeHeapAllocatedSize",
    "nativeHeapSize"
  ],
  [
    "125976",
    "31952",
    "56964",
    null,
    null,
    "174032",
    "32136",
    "57660",
    null,
    null,
    "31857",
    "34420"
  ]
][
  [
    "totalPrivateDirty",
    "nativePrivateDirty",
    "dalvikPrivateDirty",
    "eglPrivateDirty",
    "glPrivateDirty",
    "totalPss",
    "nativePss",
    "dalvikPss",
    "eglPss",
    "glPss",
    "nativeHeapAllocatedSize",
    "nativeHeapSize"
  ],
  [
    "124032",
    "31952",
    "55376",
    null,
    null,
    "172084",
    "32136",
    "56072",
    null,
    null,
    "31749",
    "34420"
  ]
][
  [
    "totalPrivateDirty",
    "nativePrivateDirty",
    "dalvikPrivateDirty",
    "eglPrivateDirty",
    "glPrivateDirty",
    "totalPss",
    "nativePss",
    "dalvikPss",
    "eglPss",
    "glPss",
    "nativeHeapAllocatedSize",
    "nativeHeapSize"
  ],
  [
    "127960",
    "31952",
    "57208",
    null,
    null,
    "177896",
    "32136",
    "57904",
    null,
    null,
    "29282",
    "34420"
  ]
][
  [
    "totalPrivateDirty",
    "nativePrivateDirty",
    "dalvikPrivateDirty",
    "eglPrivateDirty",
    "glPrivateDirty",
    "totalPss",
    "nativePss",
    "dalvikPss",
    "eglPss",
    "glPss",
    "nativeHeapAllocatedSize",
    "nativeHeapSize"
  ],
  [
    "115764",
    "31952",
    "50536",
    null,
    null,
    "163816",
    "32136",
    "51232",
    null,
    null,
    "27108",
    "34420"
  ]
][
  [
    "totalPrivateDirty",
    "nativePrivateDirty",
    "dalvikPrivateDirty",
    "eglPrivateDirty",
    "glPrivateDirty",
    "totalPss",
    "nativePss",
    "dalvikPss",
    "eglPss",
    "glPss",
    "nativeHeapAllocatedSize",
    "nativeHeapSize"
  ],
  [
    "95120",
    "24864",
    "39928",
    null,
    null,
    "154938",
    "28592",
    "45896",
    null,
    null,
    "27162",
    "34420"
  ]
][
  [
    "totalPrivateDirty",
    "nativePrivateDirty",
    "dalvikPrivateDirty",
    "eglPrivateDirty",
    "glPrivateDirty",
    "totalPss",
    "nativePss",
    "dalvikPss",
    "eglPss",
    "glPss",
    "nativeHeapAllocatedSize",
    "nativeHeapSize"
  ],
  [
    "118216",
    "31952",
    "51840",
    null,
    null,
    "166207",
    "32136",
    "52536",
    null,
    null,
    "27609",
    "34420"
  ]
][
  [
    "totalPrivateDirty",
    "nativePrivateDirty",
    "dalvikPrivateDirty",
    "eglPrivateDirty",
    "glPrivateDirty",
    "totalPss",
    "nativePss",
    "dalvikPss",
    "eglPss",
    "glPss",
    "nativeHeapAllocatedSize",
    "nativeHeapSize"
  ],
  [
    "125148",
    "31952",
    "56528",
    null,
    null,
    "173283",
    "32136",
    "57224",
    null,
    null,
    "31737",
    "34420"
  ]
][
  [
    "totalPrivateDirty",
    "nativePrivateDirty",
    "dalvikPrivateDirty",
    "eglPrivateDirty",
    "glPrivateDirty",
    "totalPss",
    "nativePss",
    "dalvikPss",
    "eglPss",
    "glPss",
    "nativeHeapAllocatedSize",
    "nativeHeapSize"
  ],
  [
    "123396",
    "31952",
    "55304",
    null,
    null,
    "171529",
    "32136",
    "56000",
    null,
    null,
    "31632",
    "34420"
  ]
][
  [
    "totalPrivateDirty",
    "nativePrivateDirty",
    "dalvikPrivateDirty",
    "eglPrivateDirty",
    "glPrivateDirty",
    "totalPss",
    "nativePss",
    "dalvikPss",
    "eglPss",
    "glPss",
    "nativeHeapAllocatedSize",
    "nativeHeapSize"
  ],
  [
    "127308",
    "31952",
    "57296",
    null,
    null,
    "173812",
    "32136",
    "57992",
    null,
    null,
    "29341",
    "34420"
  ]
][
  [
    "totalPrivateDirty",
    "nativePrivateDirty",
    "dalvikPrivateDirty",
    "eglPrivateDirty",
    "glPrivateDirty",
    "totalPss",
    "nativePss",
    "dalvikPss",
    "eglPss",
    "glPss",
    "nativeHeapAllocatedSize",
    "nativeHeapSize"
  ],
  [
    "115976",
    "31952",
    "50972",
    null,
    null,
    "160238",
    "32136",
    "51668",
    null,
    null,
    "27094",
    "34420"
  ]
][
  [
    "totalPrivateDirty",
    "nativePrivateDirty",
    "dalvikPrivateDirty",
    "eglPrivateDirty",
    "glPrivateDirty",
    "totalPss",
    "nativePss",
    "dalvikPss",
    "eglPss",
    "glPss",
    "nativeHeapAllocatedSize",
    "nativeHeapSize"
  ],
  [
    "109204",
    "31764",
    "45332",
    null,
    null,
    "158277",
    "32042",
    "48732",
    null,
    null,
    "27438",
    "34420"
  ]
][
  [
    "totalPrivateDirty",
    "nativePrivateDirty",
    "dalvikPrivateDirty",
    "eglPrivateDirty",
    "glPrivateDirty",
    "totalPss",
    "nativePss",
    "dalvikPss",
    "eglPss",
    "glPss",
    "nativeHeapAllocatedSize",
    "nativeHeapSize"
  ],
  [
    "119068",
    "31952",
    "52612",
    null,
    null,
    "165003",
    "32136",
    "53308",
    null,
    null,
    "27827",
    "34420"
  ]
][
  [
    "totalPrivateDirty",
    "nativePrivateDirty",
    "dalvikPrivateDirty",
    "eglPrivateDirty",
    "glPrivateDirty",
    "totalPss",
    "nativePss",
    "dalvikPss",
    "eglPss",
    "glPss",
    "nativeHeapAllocatedSize",
    "nativeHeapSize"
  ],
  [
    "129432",
    "31956",
    "59456",
    null,
    null,
    "173995",
    "32139",
    "60150",
    null,
    null,
    "31650",
    "34420"
  ]
][
  [
    "totalPrivateDirty",
    "nativePrivateDirty",
    "dalvikPrivateDirty",
    "eglPrivateDirty",
    "glPrivateDirty",
    "totalPss",
    "nativePss",
    "dalvikPss",
    "eglPss",
    "glPss",
    "nativeHeapAllocatedSize",
    "nativeHeapSize"
  ],
  [
    "129264",
    "31956",
    "57604",
    null,
    null,
    "175622",
    "32139",
    "58298",
    null,
    null,
    "28671",
    "34420"
  ]
][
  [
    "totalPrivateDirty",
    "nativePrivateDirty",
    "dalvikPrivateDirty",
    "eglPrivateDirty",
    "glPrivateDirty",
    "totalPss",
    "nativePss",
    "dalvikPss",
    "eglPss",
    "glPss",
    "nativeHeapAllocatedSize",
    "nativeHeapSize"
  ],
  [
    "115620",
    "31956",
    "49996",
    null,
    null,
    "159778",
    "32139",
    "50690",
    null,
    null,
    "26370",
    "34420"
  ]
][
  [
    "totalPrivateDirty",
    "nativePrivateDirty",
    "dalvikPrivateDirty",
    "eglPrivateDirty",
    "glPrivateDirty",
    "totalPss",
    "nativePss",
    "dalvikPss",
    "eglPss",
    "glPss",
    "nativeHeapAllocatedSize",
    "nativeHeapSize"
  ],
  [
    "99624",
    "25004",
    "42996",
    null,
    null,
    "153419",
    "28663",
    "47464",
    null,
    null,
    "26473",
    "34420"
  ]
][
  [
    "totalPrivateDirty",
    "nativePrivateDirty",
    "dalvikPrivateDirty",
    "eglPrivateDirty",
    "glPrivateDirty",
    "totalPss",
    "nativePss",
    "dalvikPss",
    "eglPss",
    "glPss",
    "nativeHeapAllocatedSize",
    "nativeHeapSize"
  ],
  [
    "117120",
    "31956",
    "51000",
    null,
    null,
    "161284",
    "32139",
    "51694",
    null,
    null,
    "26499",
    "34420"
  ]
][
  [
    "totalPrivateDirty",
    "nativePrivateDirty",
    "dalvikPrivateDirty",
    "eglPrivateDirty",
    "glPrivateDirty",
    "totalPss",
    "nativePss",
    "dalvikPss",
    "eglPss",
    "glPss",
    "nativeHeapAllocatedSize",
    "nativeHeapSize"
  ],
  [
    "116868",
    "31956",
    "50632",
    null,
    null,
    "161530",
    "32139",
    "51326",
    null,
    null,
    "27499",
    "34420"
  ]
][
  [
    "totalPrivateDirty",
    "nativePrivateDirty",
    "dalvikPrivateDirty",
    "eglPrivateDirty",
    "glPrivateDirty",
    "totalPss",
    "nativePss",
    "dalvikPss",
    "eglPss",
    "glPss",
    "nativeHeapAllocatedSize",
    "nativeHeapSize"
  ],
  [
    "120008",
    "31956",
    "53000",
    null,
    null,
    "164718",
    "32139",
    "53694",
    null,
    null,
    "27712",
    "34420"
  ]
][
  [
    "totalPrivateDirty",
    "nativePrivateDirty",
    "dalvikPrivateDirty",
    "eglPrivateDirty",
    "glPrivateDirty",
    "totalPss",
    "nativePss",
    "dalvikPss",
    "eglPss",
    "glPss",
    "nativeHeapAllocatedSize",
    "nativeHeapSize"
  ],
  [
    "127692",
    "31956",
    "59512",
    null,
    null,
    "174346",
    "32139",
    "60206",
    null,
    null,
    "29928",
    "34420"
  ]
][
  [
    "totalPrivateDirty",
    "nativePrivateDirty",
    "dalvikPrivateDirty",
    "eglPrivateDirty",
    "glPrivateDirty",
    "totalPss",
    "nativePss",
    "dalvikPss",
    "eglPss",
    "glPss",
    "nativeHeapAllocatedSize",
    "nativeHeapSize"
  ],
  [
    "123524",
    "31956",
    "56632",
    null,
    null,
    "168254",
    "32139",
    "57326",
    null,
    null,
    "28406",
    "34420"
  ]
][
  [
    "totalPrivateDirty",
    "nativePrivateDirty",
    "dalvikPrivateDirty",
    "eglPrivateDirty",
    "glPrivateDirty",
    "totalPss",
    "nativePss",
    "dalvikPss",
    "eglPss",
    "glPss",
    "nativeHeapAllocatedSize",
    "nativeHeapSize"
  ],
  [
    "71956",
    "8436",
    "30248",
    null,
    null,
    "143577",
    "20331",
    "43981",
    null,
    null,
    "28225",
    "34420"
  ]
][
  [
    "totalPrivateDirty",
    "nativePrivateDirty",
    "dalvikPrivateDirty",
    "eglPrivateDirty",
    "glPrivateDirty",
    "totalPss",
    "nativePss",
    "dalvikPss",
    "eglPss",
    "glPss",
    "nativeHeapAllocatedSize",
    "nativeHeapSize"
  ],
  [
    "124988",
    "31956",
    "56932",
    null,
    null,
    "170205",
    "32139",
    "57626",
    null,
    null,
    "27679",
    "34420"
  ]
][
  [
    "totalPrivateDirty",
    "nativePrivateDirty",
    "dalvikPrivateDirty",
    "eglPrivateDirty",
    "glPrivateDirty",
    "totalPss",
    "nativePss",
    "dalvikPss",
    "eglPss",
    "glPss",
    "nativeHeapAllocatedSize",
    "nativeHeapSize"
  ],
  [
    "126188",
    "31956",
    "56808",
    null,
    null,
    "171338",
    "32139",
    "57502",
    null,
    null,
    "31539",
    "34420"
  ]
][
  [
    "totalPrivateDirty",
    "nativePrivateDirty",
    "dalvikPrivateDirty",
    "eglPrivateDirty",
    "glPrivateDirty",
    "totalPss",
    "nativePss",
    "dalvikPss",
    "eglPss",
    "glPss",
    "nativeHeapAllocatedSize",
    "nativeHeapSize"
  ],
  [
    "124216",
    "31956",
    "55216",
    null,
    null,
    "169273",
    "32139",
    "55910",
    null,
    null,
    "31228",
    "34420"
  ]
][
  [
    "totalPrivateDirty",
    "nativePrivateDirty",
    "dalvikPrivateDirty",
    "eglPrivateDirty",
    "glPrivateDirty",
    "totalPss",
    "nativePss",
    "dalvikPss",
    "eglPss",
    "glPss",
    "nativeHeapAllocatedSize",
    "nativeHeapSize"
  ],
  [
    "129064",
    "31956",
    "57932",
    null,
    null,
    "176146",
    "32139",
    "58626",
    null,
    null,
    "29040",
    "34420"
  ]
][
  [
    "totalPrivateDirty",
    "nativePrivateDirty",
    "dalvikPrivateDirty",
    "eglPrivateDirty",
    "glPrivateDirty",
    "totalPss",
    "nativePss",
    "dalvikPss",
    "eglPss",
    "glPss",
    "nativeHeapAllocatedSize",
    "nativeHeapSize"
  ],
  [
    "116596",
    "31956",
    "50736",
    null,
    null,
    "161442",
    "32139",
    "51430",
    null,
    null,
    "26815",
    "34420"
  ]
][
  [
    "totalPrivateDirty",
    "nativePrivateDirty",
    "dalvikPrivateDirty",
    "eglPrivateDirty",
    "glPrivateDirty",
    "totalPss",
    "nativePss",
    "dalvikPss",
    "eglPss",
    "glPss",
    "nativeHeapAllocatedSize",
    "nativeHeapSize"
  ],
  [
    "110652",
    "31768",
    "45840",
    null,
    null,
    "160286",
    "32045",
    "49162",
    null,
    null,
    "27007",
    "34420"
  ]
][
  [
    "totalPrivateDirty",
    "nativePrivateDirty",
    "dalvikPrivateDirty",
    "eglPrivateDirty",
    "glPrivateDirty",
    "totalPss",
    "nativePss",
    "dalvikPss",
    "eglPss",
    "glPss",
    "nativeHeapAllocatedSize",
    "nativeHeapSize"
  ],
  [
    "120268",
    "31956",
    "53452",
    null,
    null,
    "165218",
    "32139",
    "54146",
    null,
    null,
    "26991",
    "34420"
  ]
][
  [
    "totalPrivateDirty",
    "nativePrivateDirty",
    "dalvikPrivateDirty",
    "eglPrivateDirty",
    "glPrivateDirty",
    "totalPss",
    "nativePss",
    "dalvikPss",
    "eglPss",
    "glPss",
    "nativeHeapAllocatedSize",
    "nativeHeapSize"
  ],
  [
    "126244",
    "31956",
    "57532",
    null,
    null,
    "173409",
    "32139",
    "58226",
    null,
    null,
    "28747",
    "34420"
  ]
][
  [
    "totalPrivateDirty",
    "nativePrivateDirty",
    "dalvikPrivateDirty",
    "eglPrivateDirty",
    "glPrivateDirty",
    "totalPss",
    "nativePss",
    "dalvikPss",
    "eglPss",
    "glPss",
    "nativeHeapAllocatedSize",
    "nativeHeapSize"
  ],
  [
    "126380",
    "31956",
    "57144",
    null,
    null,
    "171694",
    "32139",
    "57838",
    null,
    null,
    "31353",
    "34420"
  ]
][
  [
    "totalPrivateDirty",
    "nativePrivateDirty",
    "dalvikPrivateDirty",
    "eglPrivateDirty",
    "glPrivateDirty",
    "totalPss",
    "nativePss",
    "dalvikPss",
    "eglPss",
    "glPss",
    "nativeHeapAllocatedSize",
    "nativeHeapSize"
  ],
  [
    "128756",
    "31956",
    "57512",
    null,
    null,
    "175994",
    "32139",
    "58206",
    null,
    null,
    "29134",
    "34420"
  ]
][
  [
    "totalPrivateDirty",
    "nativePrivateDirty",
    "dalvikPrivateDirty",
    "eglPrivateDirty",
    "glPrivateDirty",
    "totalPss",
    "nativePss",
    "dalvikPss",
    "eglPss",
    "glPss",
    "nativeHeapAllocatedSize",
    "nativeHeapSize"
  ],
  [
    "116692",
    "31956",
    "50588",
    null,
    null,
    "161726",
    "32139",
    "51282",
    null,
    null,
    "26900",
    "34420"
  ]
][
  [
    "totalPrivateDirty",
    "nativePrivateDirty",
    "dalvikPrivateDirty",
    "eglPrivateDirty",
    "glPrivateDirty",
    "totalPss",
    "nativePss",
    "dalvikPss",
    "eglPss",
    "glPss",
    "nativeHeapAllocatedSize",
    "nativeHeapSize"
  ],
  [
    "104988",
    "31584",
    "41240",
    null,
    null,
    "157676",
    "31953",
    "46844",
    null,
    null,
    "27384",
    "34420"
  ]
][
  [
    "totalPrivateDirty",
    "nativePrivateDirty",
    "dalvikPrivateDirty",
    "eglPrivateDirty",
    "glPrivateDirty",
    "totalPss",
    "nativePss",
    "dalvikPss",
    "eglPss",
    "glPss",
    "nativeHeapAllocatedSize",
    "nativeHeapSize"
  ],
  [
    "118932",
    "31956",
    "51888",
    null,
    null,
    "163795",
    "32139",
    "52582",
    null,
    null,
    "27188",
    "34420"
  ]
][
  [
    "totalPrivateDirty",
    "nativePrivateDirty",
    "dalvikPrivateDirty",
    "eglPrivateDirty",
    "glPrivateDirty",
    "totalPss",
    "nativePss",
    "dalvikPss",
    "eglPss",
    "glPss",
    "nativeHeapAllocatedSize",
    "nativeHeapSize"
  ],
  [
    "117812",
    "31956",
    "50832",
    null,
    null,
    "162675",
    "32139",
    "51526",
    null,
    null,
    "27607",
    "34420"
  ]
][
  [
    "totalPrivateDirty",
    "nativePrivateDirty",
    "dalvikPrivateDirty",
    "eglPrivateDirty",
    "glPrivateDirty",
    "totalPss",
    "nativePss",
    "dalvikPss",
    "eglPss",
    "glPss",
    "nativeHeapAllocatedSize",
    "nativeHeapSize"
  ],
  [
    "117972",
    "31956",
    "50912",
    null,
    null,
    "165179",
    "32139",
    "51606",
    null,
    null,
    "27320",
    "34420"
  ]
][
  [
    "totalPrivateDirty",
    "nativePrivateDirty",
    "dalvikPrivateDirty",
    "eglPrivateDirty",
    "glPrivateDirty",
    "totalPss",
    "nativePss",
    "dalvikPss",
    "eglPss",
    "glPss",
    "nativeHeapAllocatedSize",
    "nativeHeapSize"
  ],
  [
    "128132",
    "31956",
    "57620",
    null,
    null,
    "175838",
    "32139",
    "58314",
    null,
    null,
    "30030",
    "34420"
  ]
][
  [
    "totalPrivateDirty",
    "nativePrivateDirty",
    "dalvikPrivateDirty",
    "eglPrivateDirty",
    "glPrivateDirty",
    "totalPss",
    "nativePss",
    "dalvikPss",
    "eglPss",
    "glPss",
    "nativeHeapAllocatedSize",
    "nativeHeapSize"
  ],
  [
    "117328",
    "31956",
    "49456",
    null,
    null,
    "163007",
    "32139",
    "50150",
    null,
    null,
    "26794",
    "34420"
  ]
][
  [
    "totalPrivateDirty",
    "nativePrivateDirty",
    "dalvikPrivateDirty",
    "eglPrivateDirty",
    "glPrivateDirty",
    "totalPss",
    "nativePss",
    "dalvikPss",
    "eglPss",
    "glPss",
    "nativeHeapAllocatedSize",
    "nativeHeapSize"
  ],
  [
    "118284",
    "31956",
    "50212",
    null,
    null,
    "165595",
    "32139",
    "50906",
    null,
    null,
    "27608",
    "34420"
  ]
][
  [
    "totalPrivateDirty",
    "nativePrivateDirty",
    "dalvikPrivateDirty",
    "eglPrivateDirty",
    "glPrivateDirty",
    "totalPss",
    "nativePss",
    "dalvikPss",
    "eglPss",
    "glPss",
    "nativeHeapAllocatedSize",
    "nativeHeapSize"
  ],
  [
    "121472",
    "31956",
    "52976",
    null,
    null,
    "167207",
    "32139",
    "53670",
    null,
    null,
    "27482",
    "34420"
  ]
][
  [
    "totalPrivateDirty",
    "nativePrivateDirty",
    "dalvikPrivateDirty",
    "eglPrivateDirty",
    "glPrivateDirty",
    "totalPss",
    "nativePss",
    "dalvikPss",
    "eglPss",
    "glPss",
    "nativeHeapAllocatedSize",
    "nativeHeapSize"
  ],
  [
    "131072",
    "31956",
    "59312",
    null,
    null,
    "177214",
    "32139",
    "60006",
    null,
    null,
    "32030",
    "34420"
  ]
][
  [
    "totalPrivateDirty",
    "nativePrivateDirty",
    "dalvikPrivateDirty",
    "eglPrivateDirty",
    "glPrivateDirty",
    "totalPss",
    "nativePss",
    "dalvikPss",
    "eglPss",
    "glPss",
    "nativeHeapAllocatedSize",
    "nativeHeapSize"
  ],
  [
    "128288",
    "31956",
    "57672",
    null,
    null,
    "174407",
    "32139",
    "58366",
    null,
    null,
    "31714",
    "34420"
  ]
][
  [
    "totalPrivateDirty",
    "nativePrivateDirty",
    "dalvikPrivateDirty",
    "eglPrivateDirty",
    "glPrivateDirty",
    "totalPss",
    "nativePss",
    "dalvikPss",
    "eglPss",
    "glPss",
    "nativeHeapAllocatedSize",
    "nativeHeapSize"
  ],
  [
    "132524",
    "31956",
    "59720",
    null,
    null,
    "180633",
    "32139",
    "60414",
    null,
    null,
    "29931",
    "34420"
  ]
][
  [
    "totalPrivateDirty",
    "nativePrivateDirty",
    "dalvikPrivateDirty",
    "eglPrivateDirty",
    "glPrivateDirty",
    "totalPss",
    "nativePss",
    "dalvikPss",
    "eglPss",
    "glPss",
    "nativeHeapAllocatedSize",
    "nativeHeapSize"
  ],
  [
    "118516",
    "31956",
    "52084",
    null,
    null,
    "164595",
    "32139",
    "52778",
    null,
    null,
    "27840",
    "34420"
  ]
][
  [
    "totalPrivateDirty",
    "nativePrivateDirty",
    "dalvikPrivateDirty",
    "eglPrivateDirty",
    "glPrivateDirty",
    "totalPss",
    "nativePss",
    "dalvikPss",
    "eglPss",
    "glPss",
    "nativeHeapAllocatedSize",
    "nativeHeapSize"
  ],
  [
    "113388",
    "31756",
    "48152",
    null,
    null,
    "163187",
    "32039",
    "50394",
    null,
    null,
    "28008",
    "34420"
  ]
][
  [
    "totalPrivateDirty",
    "nativePrivateDirty",
    "dalvikPrivateDirty",
    "eglPrivateDirty",
    "glPrivateDirty",
    "totalPss",
    "nativePss",
    "dalvikPss",
    "eglPss",
    "glPss",
    "nativeHeapAllocatedSize",
    "nativeHeapSize"
  ],
  [
    "124244",
    "31956",
    "55376",
    null,
    null,
    "170876",
    "32139",
    "56070",
    null,
    null,
    "29424",
    "34420"
  ]
][
  [
    "totalPrivateDirty",
    "nativePrivateDirty",
    "dalvikPrivateDirty",
    "eglPrivateDirty",
    "glPrivateDirty",
    "totalPss",
    "nativePss",
    "dalvikPss",
    "eglPss",
    "glPss",
    "nativeHeapAllocatedSize",
    "nativeHeapSize"
  ],
  [
    "125548",
    "31956",
    "56064",
    null,
    null,
    "172119",
    "32139",
    "56758",
    null,
    null,
    "30667",
    "34420"
  ]
][
  [
    "totalPrivateDirty",
    "nativePrivateDirty",
    "dalvikPrivateDirty",
    "eglPrivateDirty",
    "glPrivateDirty",
    "totalPss",
    "nativePss",
    "dalvikPss",
    "eglPss",
    "glPss",
    "nativeHeapAllocatedSize",
    "nativeHeapSize"
  ],
  [
    "124392",
    "31956",
    "55004",
    null,
    null,
    "170879",
    "32139",
    "55698",
    null,
    null,
    "30659",
    "34420"
  ]
][
  [
    "totalPrivateDirty",
    "nativePrivateDirty",
    "dalvikPrivateDirty",
    "eglPrivateDirty",
    "glPrivateDirty",
    "totalPss",
    "nativePss",
    "dalvikPss",
    "eglPss",
    "glPss",
    "nativeHeapAllocatedSize",
    "nativeHeapSize"
  ],
  [
    "130320",
    "31956",
    "57912",
    null,
    null,
    "178703",
    "32139",
    "58606",
    null,
    null,
    "29442",
    "34420"
  ]
][
  [
    "totalPrivateDirty",
    "nativePrivateDirty",
    "dalvikPrivateDirty",
    "eglPrivateDirty",
    "glPrivateDirty",
    "totalPss",
    "nativePss",
    "dalvikPss",
    "eglPss",
    "glPss",
    "nativeHeapAllocatedSize",
    "nativeHeapSize"
  ],
  [
    "115696",
    "31956",
    "49676",
    null,
    null,
    "161901",
    "32139",
    "50370",
    null,
    null,
    "27832",
    "34420"
  ]
][
  [
    "totalPrivateDirty",
    "nativePrivateDirty",
    "dalvikPrivateDirty",
    "eglPrivateDirty",
    "glPrivateDirty",
    "totalPss",
    "nativePss",
    "dalvikPss",
    "eglPss",
    "glPss",
    "nativeHeapAllocatedSize",
    "nativeHeapSize"
  ],
  [
    "111944",
    "31780",
    "46756",
    null,
    null,
    "162337",
    "32051",
    "49658",
    null,
    null,
    "28092",
    "34420"
  ]
][
  [
    "totalPrivateDirty",
    "nativePrivateDirty",
    "dalvikPrivateDirty",
    "eglPrivateDirty",
    "glPrivateDirty",
    "totalPss",
    "nativePss",
    "dalvikPss",
    "eglPss",
    "glPss",
    "nativeHeapAllocatedSize",
    "nativeHeapSize"
  ],
  [
    "124720",
    "31956",
    "57052",
    null,
    null,
    "173234",
    "32139",
    "57746",
    null,
    null,
    "29698",
    "34420"
  ]
][
  [
    "totalPrivateDirty",
    "nativePrivateDirty",
    "dalvikPrivateDirty",
    "eglPrivateDirty",
    "glPrivateDirty",
    "totalPss",
    "nativePss",
    "dalvikPss",
    "eglPss",
    "glPss",
    "nativeHeapAllocatedSize",
    "nativeHeapSize"
  ],
  [
    "126708",
    "32160",
    "57736",
    null,
    null,
    "173625",
    "32347",
    "58430",
    null,
    null,
    "34496",
    "34732"
  ]
][
  [
    "totalPrivateDirty",
    "nativePrivateDirty",
    "dalvikPrivateDirty",
    "eglPrivateDirty",
    "glPrivateDirty",
    "totalPss",
    "nativePss",
    "dalvikPss",
    "eglPss",
    "glPss",
    "nativeHeapAllocatedSize",
    "nativeHeapSize"
  ],
  [
    "124952",
    "32256",
    "56464",
    null,
    null,
    "171638",
    "32443",
    "57158",
    null,
    null,
    "33799",
    "34732"
  ]
][
  [
    "totalPrivateDirty",
    "nativePrivateDirty",
    "dalvikPrivateDirty",
    "eglPrivateDirty",
    "glPrivateDirty",
    "totalPss",
    "nativePss",
    "dalvikPss",
    "eglPss",
    "glPss",
    "nativeHeapAllocatedSize",
    "nativeHeapSize"
  ],
  [
    "133108",
    "33720",
    "61284",
    null,
    null,
    "181239",
    "33907",
    "61978",
    null,
    null,
    "32554",
    "36184"
  ]
][
  [
    "totalPrivateDirty",
    "nativePrivateDirty",
    "dalvikPrivateDirty",
    "eglPrivateDirty",
    "glPrivateDirty",
    "totalPss",
    "nativePss",
    "dalvikPss",
    "eglPss",
    "glPss",
    "nativeHeapAllocatedSize",
    "nativeHeapSize"
  ],
  [
    "124724",
    "33704",
    "56380",
    null,
    null,
    "170527",
    "33891",
    "57074",
    null,
    null,
    "28804",
    "36168"
  ]
]