PerformanceMoment memInfos_Report
duration：120
frequency：13
memory_list：[141371, 143357, 177001, 175027, 166597, 186633, 185752, 173495, 175743, 198802, 185439, 200420, 196279]
>>>
------------------------------
         startMemory: 141371
           endMemory: 196279
       averageMemory: 178933
           maxMemory: 200420
      maxFluctuation: 33644[143357, 177001]
------------------------------


PerformanceMoment memInfos_Report
duration：600
frequency：49
memory_list：[143721, 143955, 171903, 176008, 171822, 184368, 189400, 193796, 190403, 188826, 189289, 203666, 207608, 193274, 199665, 201976, 214807, 213867, 209936, 222923, 205017, 205452, 221225, 211200, 215934, 203650, 217050, 218290, 203942, 225365, 218866, 204864, 225682, 212421, 225023, 216066, 221367, 207587, 216293, 219729, 207953, 227540, 217397, 231991, 218242, 215297, 202799, 222325, 225652]
>>>
------------------------------
         startMemory: 143721
           endMemory: 225652
       averageMemory: 206511
           maxMemory: 231991
      maxFluctuation: 27948[143955, 171903]
------------------------------


PerformanceMoment memInfos_Reportduration：600frequency：52memory_list：[143349, 145409, 175974, 176946, 175535, 188623, 190031, 188849, 194015, 200371, 188050, 197742, 197651, 212315, 217726, 209854, 194822, 215067, 213665, 209561, 215345, 219130, 231764, 230763, 223170, 208494, 228533, 222334, 236455, 225841, 223598, 237244, 231331, 221136, 211103, 238414, 227030, 231426, 219809, 219292, 209238, 236306, 230993, 214737, 223809, 227473, 223933, 231331, 222539, 214305, 229198, 223730]>>>------------------------------         startMemory: 143349           endMemory: 223730       averageMemory: 213165           maxMemory: 238414      maxFluctuation: 30565[145409, 175974]------------------------------

PerformanceMoment memInfos_Reportduration：600frequency：52memory_list：[142640, 144806, 180180, 182798, 170546, 192668, 193007, 207535, 199265, 202928, 217607, 199862, 201118, 189114, 215913, 209360, 213810, 219710, 213404, 199516, 215000, 208314, 213849, 213760, 211351, 216653, 219150, 210855, 202801, 223610, 217848, 225254, 225339, 225362, 208292, 235953, 230436, 232816, 231111, 229262, 239454, 230144, 220696, 211042, 223558, 223868, 226954, 225891, 220197, 210525, 224049, 221495]>>>------------------------------         startMemory: 142640           endMemory: 221495       averageMemory: 212130           maxMemory: 239454      maxFluctuation: 35374[144806, 180180]------------------------------

PerformanceMoment memInfos_Reportduration：600frequency：46memory_list：[143663, 144987, 173574, 174470, 168040, 187208, 188965, 178651, 191361, 193317, 198895, 208085, 199879, 190421, 208884, 210698, 202237, 201961, 201384, 193341, 203677, 202587, 197251, 216696, 219374, 204466, 214310, 217600, 223078, 219408, 214105, 202535, 216089, 216810, 207428, 217650, 218602, 214452, 219643, 216614, 234096, 227853, 221071, 210817, 218311, 219619]>>>------------------------------         startMemory: 143663           endMemory: 219619       averageMemory: 204338           maxMemory: 234096      maxFluctuation: 28587[144987, 173574]------------------------------

PerformanceMoment memInfos_Report
duration：600
frequency：52
memory_list：[144359, 145249, 179034, 185500, 171719, 191113, 198906, 209104, 191380, 196476, 202270, 199426, 203552, 194146, 215348, 205312, 201087, 204706, 209516, 198354, 207728, 205527, 223400, 214320, 216470, 211660, 219194, 210900, 201162, 218139, 221745, 234197, 213745, 215226, 206012, 216482, 218206, 205334, 217072, 223292, 237207, 224083, 216606, 234276, 235381, 225508, 221800, 221415, 217774, 227549, 228561, 220994]
>>>
------------------------------
         startMemory: 144359
           endMemory: 220994
       averageMemory: 209843
           maxMemory: 237207
      maxFluctuation: 33785[145249, 179034]
------------------------------


