PerformanceRecording memInfos_Report
run_time：254
data_count：55
memory_list：[144814, 195115, 179663, 183883, 183779, 183967, 183071, 182755, 185540, 183337, 182769, 182865, 183185, 182901, 182849, 182833, 183029, 183141, 182957, 182593, 182653, 182609, 182497, 182521, 182509, 182501, 182557, 182525, 182545, 182661, 182737, 182745, 182797, 182513, 182510, 182518, 182634, 182562, 182530, 182562, 182530, 182322, 182400, 182464, 171512, 169232, 167932, 158818, 158562, 158502, 158438, 158354, 158258, 171348, 161220]
>>>1
------------------------------
         startMemory: 144814
           endMemory: 161220
       averageMemory: 179294
           maxMemory: 195115
      maxFluctuation: 50301[144814, 195115]
------------------------------

PerformanceRecording memInfos_Report
run_time：204
data_count：47
memory_list：[139356, 135712, 168800, 169328, 169416, 170160, 169862, 169266, 169314, 169214, 169209, 169133, 167777, 167321, 167253, 167073, 167085, 167130, 167138, 167294, 167662, 167710, 167650, 167370, 167526, 167670, 167517, 167720, 167320, 167468, 167484, 167208, 167084, 167168, 167120, 166987, 167006, 157985, 148850, 154290, 145484, 145444, 145368, 145276, 163113, 151831, 145747]
>>>2
------------------------------
         startMemory: 139356
           endMemory: 145747
       averageMemory: 163795
           maxMemory: 170160
      maxFluctuation: 33088[135712, 168800]
------------------------------

PerformanceRecording memInfos_Report
run_time：282
data_count：61
memory_list：[142701, 188749, 177025, 176961, 177185, 180597, 181153, 181101, 180645, 180665, 180705, 180757, 180865, 180869, 181001, 181015, 181055, 180971, 181039, 180847, 180851, 180845, 181069, 181257, 181217, 181149, 181065, 181197, 181241, 181337, 181334, 181218, 181326, 181286, 181382, 181326, 181522, 181406, 181422, 181315, 181479, 181582, 181614, 181518, 181350, 181326, 181274, 181266, 181178, 170180, 168132, 167070, 158152, 158032, 157986, 157954, 157794, 157794, 157702, 161874, 160371]
>>>3
------------------------------
         startMemory: 142701
           endMemory: 160371
       averageMemory: 177342
           maxMemory: 188749
      maxFluctuation: 46048[142701, 188749]
------------------------------

PerformanceRecording memInfos_Report
run_time：282
data_count：63
memory_list：[143841, 137612, 165318, 165812, 165774, 167739, 166551, 170398, 170262, 170230, 170272, 170416, 168844, 168968, 169033, 168917, 168813, 168874, 168946, 169174, 169182, 169078, 169246, 167970, 167958, 168166, 168218, 168266, 168104, 168184, 168244, 168160, 168192, 168240, 168068, 168092, 168264, 168172, 168232, 168152, 168280, 168496, 168528, 169052, 168700, 168460, 168324, 168176, 168172, 168176, 167931, 142749, 155621, 153331, 144679, 144553, 144441, 144437, 144357, 144241, 150297, 149629, 146070]
>>>4
------------------------------
         startMemory: 143841
           endMemory: 146070
       averageMemory: 164078
           maxMemory: 170416
      maxFluctuation: 27706[137612, 165318]
------------------------------

PerformanceRecording memInfos_Report
run_time：307
data_count：67
memory_list：[179698, 174483, 212688, 213905, 213948, 222325, 219210, 219382, 220886, 219598, 219488, 220159, 217047, 218079, 217239, 217803, 216935, 217419, 218279, 217883, 217243, 217183, 218696, 217904, 216944, 217901, 217873, 217065, 218617, 218829, 217741, 218573, 218013, 218699, 219391, 217711, 218615, 218311, 217683, 218787, 217955, 218719, 218847, 218699, 218868, 217900, 218879, 219231, 218624, 218880, 218788, 219536, 218963, 218335, 211010, 210458, 206954, 190177, 190101, 189989, 190003, 189947, 189927, 189795, 199287, 185564, 197329]
>>>5
------------------------------
         startMemory: 179698
           endMemory: 197329
       averageMemory: 213291
           maxMemory: 222325
      maxFluctuation: 38205[174483, 212688]
------------------------------

PerformanceRecording memInfos_Report
run_time：282
data_count：59
memory_list：[195373, 241232, 238870, 239674, 240115, 244343, 244299, 244652, 243600, 243844, 243848, 244348, 245308, 245352, 245064, 245620, 244976, 246970, 244744, 246097, 244572, 245520, 245324, 246284, 245616, 245777, 246756, 245508, 246220, 246629, 245669, 245461, 246529, 246653, 246169, 246345, 246389, 246350, 245753, 246105, 246493, 246498, 243878, 245690, 246797, 245657, 246545, 242914, 232530, 229677, 228014, 211922, 211748, 212192, 211612, 211553, 211465, 216843, 223682]
>>>6
------------------------------
         startMemory: 195373
           endMemory: 223682
       averageMemory: 240256
           maxMemory: 246970
      maxFluctuation: 45859[195373, 241232]
------------------------------

PerformanceRecording memInfos_Report
run_time：263
data_count：59
memory_list：[144052, 138664, 167411, 167939, 167961, 171866, 172886, 172000, 172172, 172192, 172236, 172155, 169991, 170067, 170135, 170154, 170174, 170032, 170056, 170128, 170108, 170372, 170236, 169908, 169996, 169447, 169753, 169900, 169228, 169188, 169248, 169360, 169548, 169640, 170000, 169968, 169896, 170120, 170180, 170196, 170276, 170484, 170592, 170868, 170516, 170376, 170044, 160048, 151954, 157272, 155968, 155078, 154922, 147230, 147298, 146862, 142859, 144083, 148651]
>>>7
------------------------------
         startMemory: 144052
           endMemory: 148651
       averageMemory: 165986
           maxMemory: 172886
      maxFluctuation: 28747[138664, 167411]
------------------------------

PerformanceRecording memInfos_Report
run_time：203
data_count：45
memory_list：[145967, 193545, 185741, 185709, 188496, 186041, 185625, 185233, 185225, 185073, 185341, 185301, 185344, 185348, 185435, 185419, 185411, 185363, 185600, 185567, 185218, 185442, 185562, 185586, 185670, 185666, 185790, 185802, 185862, 185794, 185706, 185610, 185644, 185465, 185405, 182154, 163137, 171713, 171349, 169543, 161887, 161835, 161707, 174072, 165616]
>>>8
------------------------------
         startMemory: 145967
           endMemory: 165616
       averageMemory: 182242
           maxMemory: 193545
      maxFluctuation: 47578[145967, 193545]
------------------------------

PerformanceRecording memInfos_Report
run_time：254
data_count：57
memory_list：[139756, 135162, 178452, 167605, 172592, 172160, 172354, 171758, 171829, 171861, 171817, 171643, 170067, 170126, 170134, 170046, 170094, 170186, 170434, 170462, 170498, 170370, 170462, 169970, 169982, 169946, 169990, 169994, 169446, 169342, 169426, 169434, 169490, 169566, 169418, 169446, 169478, 169442, 169494, 169490, 169532, 169392, 169468, 169892, 169624, 169650, 157879, 159207, 156583, 147965, 147825, 147701, 147717, 147609, 166332, 154525, 150400]
>>>9
------------------------------
         startMemory: 139756
           endMemory: 150400
       averageMemory: 166624
           maxMemory: 178452
      maxFluctuation: 43290[135162, 178452]
------------------------------

PerformanceRecording memInfos_Report
run_time：262
data_count：57
memory_list：[148646, 203045, 186889, 186869, 191909, 191761, 191333, 191449, 191405, 191289, 191325, 191425, 191553, 191517, 191433, 191385, 191253, 191261, 191109, 190673, 190857, 190849, 190961, 191041, 190945, 191213, 191253, 191053, 190985, 191049, 191233, 191269, 191257, 191353, 191245, 191353, 191425, 191541, 191985, 191741, 191709, 191465, 191557, 191589, 191549, 191381, 175634, 172957, 171779, 162383, 162281, 162217, 162145, 161917, 161817, 175138, 162648]
>>>10
------------------------------
         startMemory: 148646
           endMemory: 162648
       averageMemory: 186927
           maxMemory: 203045
      maxFluctuation: 54399[148646, 203045]
------------------------------

PerformanceRecording memInfos_Report
run_time：597
data_count：124
memory_list：[151245, 204408, 187153, 186169, 186165, 186241, 186199, 185912, 185672, 186416, 185855, 185711, 185715, 185714, 185703, 185583, 185587, 185631, 185683, 185671, 185619, 185611, 185531, 185583, 185575, 185619, 185659, 185663, 185551, 185543, 185555, 185555, 185563, 185383, 185419, 185471, 185503, 185539, 185587, 185487, 185515, 185371, 185443, 185455, 185471, 185335, 185395, 185303, 185339, 185381, 185289, 185325, 185257, 185309, 185341, 185293, 185193, 185193, 185165, 185736, 185194, 185194, 185138, 185110, 185170, 185190, 185226, 185258, 185110, 185130, 185186, 185170, 185190, 185210, 185266, 185174, 185229, 185245, 185289, 185321, 185145, 185185, 185193, 185277, 187105, 185893, 185901, 185921, 185953, 185901, 185709, 185621, 185473, 185521, 185561, 185551, 185575, 185571, 185583, 185635, 185623, 185667, 185703, 185487, 177174, 174305, 173039, 164195, 164169, 164157, 164073, 163964, 163984, 163924, 163896, 163976, 163908, 163884, 163868, 163868, 163888, 163784, 177426, 170990]
>>>11
------------------------------
         startMemory: 151245
           endMemory: 170990
       averageMemory: 182709
           maxMemory: 204408
      maxFluctuation: 53163[151245, 204408]
------------------------------

PerformanceRecording memInfos_Report
run_time：363
data_count：79
memory_list：[138543, 135516, 165541, 166301, 172306, 170442, 170686, 169826, 169828, 169820, 169725, 170213, 168865, 168453, 168393, 168281, 168637, 168885, 168517, 168737, 168597, 168401, 168365, 168269, 168541, 168681, 168817, 168917, 168961, 169025, 169117, 169177, 168993, 168801, 168585, 168541, 168569, 168785, 168953, 169169, 169257, 169441, 169489, 169261, 169789, 169833, 169461, 169333, 169281, 169261, 169497, 169609, 169677, 169733, 169781, 170001, 169905, 170381, 170401, 169961, 170121, 170377, 170145, 170257, 164268, 168835, 157410, 156184, 147304, 147144, 147148, 147252, 146944, 147320, 147268, 147176, 141685, 142265, 156960]
>>>12
------------------------------
         startMemory: 138543
           endMemory: 156960
       averageMemory: 165411
           maxMemory: 172306
      maxFluctuation: 30025[135516, 165541]
------------------------------

PerformanceRecording memInfos_Report
run_time：327
data_count：70
memory_list：[147272, 196253, 179321, 179413, 179529, 183488, 183464, 186021, 183030, 183088, 182508, 182844, 182956, 182900, 183120, 183052, 183112, 182980, 182900, 182596, 182524, 182512, 182868, 183000, 183528, 183136, 183204, 183276, 183232, 183399, 183351, 183219, 183175, 182951, 182903, 182943, 183199, 183375, 183643, 183191, 183267, 183391, 183511, 183555, 183547, 183307, 183539, 183403, 183611, 183779, 183727, 183647, 183615, 183795, 183827, 183979, 183574, 171239, 168994, 167854, 158692, 158600, 158500, 158412, 158324, 158340, 158296, 158220, 172079, 160609]
>>>13
------------------------------
         startMemory: 147272
           endMemory: 160609
       averageMemory: 179615
           maxMemory: 196253
      maxFluctuation: 48981[147272, 196253]
------------------------------

PerformanceRecording memInfos_Report
run_time：290
data_count：64
memory_list：[141887, 137891, 167014, 167074, 167118, 167426, 171247, 171415, 171543, 171459, 171451, 171415, 169955, 169499, 169463, 169439, 169495, 169431, 169403, 169339, 169179, 169386, 169590, 169254, 169334, 169450, 169530, 169406, 169094, 169122, 169138, 169290, 169138, 169194, 168922, 168966, 169002, 169018, 169334, 169458, 169758, 169798, 169894, 170174, 170050, 170038, 170150, 170154, 170106, 169930, 169810, 169698, 159748, 153542, 157424, 148328, 148282, 148142, 148150, 147846, 147730, 152949, 141031, 158480]
>>>14
------------------------------
         startMemory: 141887
           endMemory: 158480
       averageMemory: 165622
           maxMemory: 171543
      maxFluctuation: 29123[137891, 167014]
------------------------------

PerformanceRecording memInfos_Report
run_time：378
data_count：82
memory_list：[141981, 135765, 165285, 166393, 166465, 167901, 168117, 170609, 170609, 170485, 172642, 171342, 170038, 169894, 169970, 169650, 169690, 169748, 169808, 169844, 170124, 169960, 169628, 168776, 168732, 168736, 168940, 168896, 168640, 168876, 168804, 168648, 168592, 168664, 168628, 168628, 168632, 168708, 169032, 169140, 168896, 168868, 168888, 169328, 169280, 169248, 169236, 169300, 169252, 169236, 169036, 169024, 169220, 169484, 169404, 169188, 169488, 169644, 169580, 169540, 169672, 169780, 169786, 169702, 169442, 169494, 169518, 159303, 159791, 156017, 146745, 146679, 146595, 146559, 146487, 146467, 146475, 146399, 146303, 166659, 153401, 158608]
>>>15
------------------------------
         startMemory: 141981
           endMemory: 158608
       averageMemory: 165618
           maxMemory: 172642
      maxFluctuation: 29520[135765, 165285]
------------------------------


PerformanceRecording memInfos_Report
run_time：279
data_count：62
memory_list：[136275, 132496, 165062, 165354, 165270, 165438, 165630, 170014, 169642, 169694, 169702, 169726, 167842, 167794, 167798, 167482, 167538, 167634, 167654, 167862, 167826, 167618, 167750, 167470, 167310, 167522, 167458, 167730, 167254, 167386, 167398, 167170, 167182, 167226, 167214, 167258, 167318, 167518, 167394, 167522, 167566, 167734, 167810, 168346, 168202, 167718, 167706, 167470, 167358, 167358, 161464, 151189, 155499, 153463, 146483, 146419, 146339, 146275, 146179, 165506, 153288, 159475]
>>>16
------------------------------
         startMemory: 136275
           endMemory: 159475
       averageMemory: 164125
           maxMemory: 170014
      maxFluctuation: 32566[132496, 165062]
------------------------------

PerformanceRecording memInfos_Report
run_time：385
data_count：81
memory_list：[150160, 196129, 181401, 181421, 184168, 180889, 180709, 180745, 180785, 180821, 180781, 184913, 185029, 184813, 184701, 184821, 184905, 185045, 185010, 184845, 184477, 184337, 185073, 184521, 184461, 184237, 184177, 184217, 184461, 184417, 184581, 184541, 184513, 184645, 184869, 184556, 184676, 184696, 184780, 184760, 184528, 184448, 184460, 184476, 184824, 184744, 184872, 184892, 185004, 185156, 184908, 185044, 185088, 185136, 185312, 185544, 185179, 185167, 185331, 185455, 185447, 185499, 185659, 185623, 185651, 185571, 172287, 158699, 170533, 169253, 168347, 159824, 159821, 159709, 159565, 160081, 159641, 159649, 159537, 165075, 166675]
>>>17
------------------------------
         startMemory: 150160
           endMemory: 166675
       averageMemory: 180733
           maxMemory: 196129
      maxFluctuation: 45969[150160, 196129]
------------------------------

