PerformanceMoment memInfos_Report
run_time：600
data_count：64
memory_list：[190228, 187547, 231765, 234431, 232947, 250764, 254736, 251408, 270655, 268226, 276065, 246994, 261939, 266594, 281465, 280879, 293941, 286536, 287376, 296835, 294723, 281716, 300207, 294626, 290433, 295885, 292139, 289426, 291580, 290631, 291289, 290871, 274653, 285248, 316659, 283664, 296806, 285128, 293351, 294282, 286180, 293259, 290425, 302751, 306628, 292244, 290021, 290335, 290638, 293985, 299306, 301579, 296767, 296257, 296367, 313809, 315022, 303607, 303727, 304942, 302036, 296641, 310331, 308795]
>>>1
------------------------------
         startMemory: 190228
           endMemory: 308795
       averageMemory: 285020
           maxMemory: 316659
      maxFluctuation: 44218[187547, 231765]
------------------------------


PerformanceMoment memInfos_Report
run_time：600
data_count：64
memory_list：[186502, 187696, 234172, 227134, 226052, 238818, 240066, 244142, 255664, 258733, 260339, 273911, 275059, 267936, 273734, 270873, 310660, 280442, 276037, 274301, 274643, 274120, 272243, 279227, 281376, 277023, 292457, 289250, 284329, 291872, 285176, 292168, 294948, 291220, 284386, 295711, 293180, 318368, 286380, 287548, 292240, 301345, 297469, 315503, 303421, 301986, 295055, 311899, 296862, 297330, 302306, 297692, 299209, 307110, 302031, 331230, 309208, 295559, 333934, 305061, 304057, 294690, 283792, 294770]
>>>2
------------------------------
         startMemory: 186502
           endMemory: 294770
       averageMemory: 283877
           maxMemory: 333934
      maxFluctuation: 46476[187696, 234172]
------------------------------


PerformanceMoment memInfos_Report
run_time：600
data_count：64
memory_list：[185043, 186598, 236355, 229028, 226499, 242828, 241756, 246389, 255378, 256922, 254315, 253711, 256107, 261509, 267639, 267110, 275690, 278257, 276939, 275223, 289876, 276567, 274044, 294336, 280190, 303064, 297132, 280999, 289929, 292785, 281238, 305116, 286129, 285405, 316644, 284386, 282706, 282356, 295358, 290303, 282697, 299455, 292946, 321845, 295558, 295620, 287401, 287273, 287634, 297378, 296731, 292009, 299934, 297580, 285115, 298020, 284361, 284819, 285190, 287217, 287679, 282223, 298091, 292057]
>>>3
------------------------------
         startMemory: 185043
           endMemory: 292057
       averageMemory: 279090
           maxMemory: 321845
      maxFluctuation: 49757[186598, 236355]
------------------------------


PerformanceMoment memInfos_Report
run_time：600
data_count：64
memory_list：[146058, 148244, 183586, 183527, 181556, 190288, 180359, 183737, 186419, 188996, 189620, 196816, 195422, 196414, 193772, 184086, 193478, 204565, 197496, 200674, 201484, 211157, 202857, 205839, 209017, 221144, 206658, 213294, 206574, 213709, 210032, 224504, 202855, 210558, 228428, 221003, 213082, 212904, 215207, 218486, 233000, 224967, 228218, 245458, 224985, 217092, 243964, 217938, 222080, 228258, 224964, 223450, 219984, 225571, 226590, 240196, 223503, 225536, 221782, 233217, 222184, 245550, 218548, 220172]
>>>4
------------------------------
         startMemory: 146058
           endMemory: 220172
       averageMemory: 210723
           maxMemory: 245550
      maxFluctuation: 35342[148244, 183586]
------------------------------


PerformanceMoment memInfos_Report
run_time：600
data_count：55
memory_list：[143922, 145070, 173579, 169721, 171947, 184122, 187664, 194694, 194203, 195336, 209924, 191463, 194252, 194761, 201282, 205713, 204205, 207232, 202699, 214489, 211379, 213972, 211540, 212524, 216812, 212708, 213365, 214048, 214334, 213880, 218698, 213822, 214058, 219660, 216558, 217327, 218062, 215482, 214583, 217694, 215086, 215732, 218170, 230994, 211998, 212576, 212868, 212160, 224489, 219634, 218765, 219016, 225323, 224754, 219753]
>>>5
------------------------------
         startMemory: 143922
           endMemory: 219753
       averageMemory: 207630
           maxMemory: 230994
      maxFluctuation: 28509[145070, 173579]
------------------------------


