PerformanceBroadcaster memInfos_Report
duration：600
frequency：123
memory_list：[143267, 143142, 253897, 254592, 253606, 262510, 262792, 262812, 262158, 262296, 262088, 261864, 261524, 261776, 260440, 261164, 260376, 261106, 261226, 260558, 260954, 261085, 261259, 260741, 260405, 260717, 261169, 260389, 261073, 260473, 260389, 260353, 260129, 260381, 260227, 260527, 260095, 259442, 260002, 259910, 259762, 259914, 261366, 260692, 259736, 260128, 259676, 260072, 260128, 260384, 259592, 259736, 259432, 259623, 260226, 259694, 260058, 259794, 259890, 259846, 260142, 259570, 259402, 259427, 259927, 259447, 259915, 259567, 259895, 259527, 259675, 260283, 260150, 259522, 259518, 259374, 260008, 260136, 259556, 259560, 259812, 260300, 259436, 259620, 260408, 260060, 260212, 259548, 259464, 259760, 259364, 259880, 259616, 259956, 259840, 260284, 259976, 260024, 259916, 260384, 260020, 259800, 260208, 259840, 260032, 259556, 260842, 260430, 260402, 260630, 260546, 259867, 260355, 259975, 259903, 260491, 260895, 260559, 260340, 260348, 260268, 260576, 184043]
>>>
------------------------------
         startMemory: 143267
           endMemory: 184043
       averageMemory: 259154
           maxMemory: 262812
      maxFluctuation: 110755[143142, 253897]
------------------------------


PerformanceBroadcaster memInfos_Report
duration：600
frequency：123
memory_list：[142343, 142465, 256062, 256994, 255976, 257202, 256588, 256862, 256662, 256254, 264474, 264714, 264216, 265024, 263296, 263588, 263386, 263106, 263502, 263386, 263306, 263422, 263013, 263184, 263105, 263653, 263453, 262953, 264707, 263511, 263151, 263303, 262711, 263249, 262305, 262293, 262251, 261987, 262203, 262231, 262019, 262759, 262647, 263291, 262599, 262671, 262487, 262204, 262098, 263166, 262006, 262462, 261993, 261861, 261445, 261793, 261945, 262821, 261969, 261845, 262005, 262289, 262475, 261707, 262471, 262599, 261691, 261986, 261723, 262619, 262191, 262370, 261954, 262714, 261878, 263086, 261850, 262726, 262270, 261990, 262126, 262018, 262114, 262062, 262170, 262554, 262122, 261718, 262306, 262278, 262258, 261809, 261601, 262221, 262889, 261561, 262289, 262437, 262733, 261613, 262009, 262221, 261765, 261601, 262557, 261925, 261293, 261785, 261149, 262245, 261414, 261658, 261970, 262090, 262494, 262238, 262259, 263609, 262353, 262493, 262049, 262465, 185340]
>>>
------------------------------
         startMemory: 142343
           endMemory: 185340
       averageMemory: 261098
           maxMemory: 265024
      maxFluctuation: 113597[142465, 256062]
------------------------------


PerformanceBroadcaster memInfos_Report
duration：600
frequency：123
memory_list：[142109, 140673, 255490, 256475, 255823, 256759, 256455, 256548, 256064, 256128, 255780, 255820, 255444, 256196, 253972, 254380, 254288, 254614, 254362, 253866, 254197, 255033, 254515, 253592, 253308, 253924, 253808, 253216, 254741, 254785, 254093, 254715, 253823, 254133, 253557, 253561, 254003, 254119, 253823, 253451, 253179, 253799, 254239, 253503, 253447, 253443, 253179, 253071, 252979, 253535, 253295, 252843, 253670, 253478, 253330, 253662, 253310, 254422, 254162, 253866, 253334, 252962, 252950, 252958, 253054, 253426, 252794, 252814, 252822, 253170, 253086, 253193, 252861, 253401, 252889, 253001, 253237, 253017, 253585, 252861, 252905, 253057, 252745, 252581, 253057, 253013, 252971, 252721, 252897, 254145, 252913, 254901, 253581, 253181, 253785, 253417, 253621, 253453, 253605, 253635, 254051, 253178, 253522, 253110, 253478, 253398, 253198, 253510, 253115, 253331, 253723, 253535, 253271, 253919, 253151, 253667, 253421, 253941, 254617, 254021, 253481, 253377, 186057]
>>>
------------------------------
         startMemory: 142109
           endMemory: 186057
       averageMemory: 252855
           maxMemory: 256759
      maxFluctuation: 114817[140673, 255490]
------------------------------


PerformanceBroadcaster memInfos_Report
duration：600
frequency：122
memory_list：[140691, 141466, 256789, 257465, 256573, 258150, 258628, 258376, 257500, 257596, 257218, 256722, 256900, 257226, 255588, 255736, 255764, 255744, 255384, 254784, 255268, 256024, 255144, 254596, 254352, 255196, 255144, 254300, 254688, 255250, 254412, 254336, 254546, 253874, 253738, 253366, 253874, 253882, 253490, 253298, 253702, 253518, 253682, 252686, 253298, 252862, 252546, 252514, 253106, 253242, 253186, 252754, 253389, 252965, 252977, 253201, 253437, 252605, 252557, 252881, 253197, 252881, 252901, 252993, 253305, 252981, 252641, 252701, 253013, 252505, 252987, 253758, 252882, 253114, 253378, 253003, 253139, 255931, 253247, 252975, 252895, 252299, 252803, 252719, 252527, 252227, 253399, 252479, 252783, 253023, 253291, 253103, 253205, 253413, 253389, 253113, 253427, 253671, 253275, 252950, 252667, 253333, 253001, 252849, 252841, 253117, 252757, 252621, 252622, 252506, 252770, 252154, 253190, 252482, 252914, 253047, 252515, 253200, 252940, 252568, 252852, 184609]
>>>
------------------------------
         startMemory: 140691
           endMemory: 184609
       averageMemory: 252883
           maxMemory: 258628
      maxFluctuation: 115323[141466, 256789]
------------------------------


PerformanceBroadcaster memInfos_Report
duration：600
frequency：120
memory_list：[143696, 144293, 257945, 258625, 259003, 259205, 259221, 259686, 259280, 259406, 258974, 258878, 258574, 259170, 257546, 257734, 258230, 257278, 257588, 257508, 257500, 258160, 257070, 257860, 257492, 257156, 256908, 256508, 257452, 256592, 256192, 256720, 256880, 256276, 255992, 255988, 256248, 255816, 255084, 255440, 255956, 255208, 256104, 255292, 255548, 255704, 255714, 255882, 256254, 256258, 255934, 255818, 256098, 255834, 255530, 256026, 256410, 257244, 256464, 256660, 256940, 256324, 256208, 259172, 256552, 256420, 256874, 257210, 256586, 256246, 256873, 256313, 256485, 256045, 255957, 257225, 256337, 256701, 256661, 256385, 256417, 259705, 256929, 256977, 256037, 256497, 256353, 256341, 256400, 256788, 256792, 257122, 256978, 256906, 256878, 256618, 256906, 257210, 256578, 259566, 256642, 256278, 256818, 256269, 256657, 256389, 255739, 256279, 257301, 257305, 257109, 257086, 257102, 257195, 257323, 257867, 256895, 257635, 257073, 188255]
>>>
------------------------------
         startMemory: 143696
           endMemory: 188255
       averageMemory: 255982
           maxMemory: 259705
      maxFluctuation: 113652[144293, 257945]
------------------------------


