PerformanceMoment memInfos_Report
duration：600
frequency：55
memory_list：[144287, 146171, 183059, 178337, 179763, 195254, 198992, 196908, 199280, 201989, 206495, 197206, 198835, 198893, 202225, 207143, 203825, 203991, 207077, 207053, 218462, 207586, 216768, 200696, 212229, 207128, 209651, 213674, 218592, 208879, 208938, 235356, 211852, 216900, 222116, 214465, 215308, 212376, 213882, 222204, 251167, 226430, 227115, 237399, 225726, 217636, 218245, 225645, 226670, 220200, 218068, 223384, 217974, 221128, 222524]
>>>
------------------------------
         startMemory: 144287
           endMemory: 222524
       averageMemory: 210497
           maxMemory: 251167
      maxFluctuation: 36888[146171, 183059]
------------------------------


PerformanceMoment memInfos_Report
duration：600
frequency：55
memory_list：[147631, 145180, 178142, 174268, 177374, 187696, 190020, 189420, 197997, 199780, 198232, 200787, 203608, 200278, 206675, 205954, 203438, 213267, 202598, 205236, 210466, 214847, 208923, 207526, 211171, 226418, 217003, 219555, 216673, 218261, 223879, 226133, 216322, 219395, 218989, 216691, 219743, 220433, 230144, 218382, 221484, 220082, 224094, 241396, 226955, 226650, 224365, 229487, 234372, 228634, 227473, 227396, 227484, 237519, 226818]
>>>
------------------------------
         startMemory: 147631
           endMemory: 226818
       averageMemory: 212043
           maxMemory: 241396
      maxFluctuation: 32962[145180, 178142]
------------------------------


PerformanceMoment memInfos_Report
duration：600
frequency：55
memory_list：[147075, 147852, 182821, 177018, 178406, 195879, 184806, 187673, 188771, 190542, 190872, 196144, 198188, 206638, 203407, 203466, 213400, 207320, 208158, 216432, 212072, 204694, 206848, 207580, 219030, 230532, 224407, 210638, 211654, 213068, 216552, 245659, 216400, 218044, 217194, 219272, 220316, 244558, 216638, 217610, 219100, 224623, 214902, 216768, 223883, 225448, 238680, 226692, 228599, 242247, 219109, 221117, 230910, 233813, 218920]
>>>
------------------------------
         startMemory: 147075
           endMemory: 218920
       averageMemory: 211631
           maxMemory: 245659
      maxFluctuation: 34969[147852, 182821]
------------------------------


PerformanceMoment memInfos_Report
duration：600
frequency：55
memory_list：[170464, 176872, 235352, 229725, 226065, 241055, 238522, 242183, 255779, 254179, 252967, 263061, 263501, 268176, 270381, 267854, 266602, 278477, 273916, 277682, 279681, 276371, 275265, 281393, 283184, 284828, 285976, 283305, 298397, 285506, 285073, 315629, 303056, 286030, 321464, 291023, 288033, 309172, 300439, 296323, 289356, 293813, 288863, 287982, 305118, 287965, 294492, 296696, 289353, 289968, 306810, 293000, 306908, 297177, 295653]
>>>
------------------------------
         startMemory: 170464
           endMemory: 295653
       averageMemory: 278113
           maxMemory: 321464
      maxFluctuation: 58480[176872, 235352]
------------------------------


PerformanceMoment memInfos_Report
duration：600
frequency：54
memory_list：[144122, 144592, 175085, 178874, 188166, 185485, 187212, 185870, 198207, 199484, 196894, 197584, 198144, 199986, 202855, 204832, 213342, 213297, 235164, 207818, 211055, 217380, 215046, 216737, 214065, 212360, 214471, 220947, 208089, 209797, 227082, 218726, 208481, 219171, 214665, 217312, 231522, 223145, 212468, 225338, 219071, 221533, 243757, 217847, 223239, 238473, 227784, 222833, 220858, 220114, 221863, 230294, 223212, 224404]
>>>
------------------------------
         startMemory: 144122
           endMemory: 224404
       averageMemory: 211185
           maxMemory: 243757
      maxFluctuation: 30493[144592, 175085]
------------------------------


PerformanceMoment memInfos_Report
duration：600
frequency：55
memory_list：[142952, 143610, 170641, 171328, 172989, 180594, 183535, 184535, 190150, 199870, 201995, 190394, 193290, 195456, 199948, 207956, 204804, 202762, 208399, 204767, 205852, 214225, 216969, 208194, 210433, 208745, 208421, 216399, 212381, 218055, 207890, 216526, 206139, 213476, 210876, 212223, 215059, 212577, 214072, 222709, 223054, 213868, 220516, 217079, 218719, 224697, 214847, 218223, 221746, 225956, 212378, 215106, 223722, 218293, 220276]
>>>
------------------------------
         startMemory: 142952
           endMemory: 220276
       averageMemory: 206159
           maxMemory: 225956
      maxFluctuation: 27031[143610, 170641]
------------------------------


PerformanceMoment memInfos_Report
duration：600
frequency：55
memory_list：[140252, 140744, 177384, 172185, 175238, 177729, 181026, 192024, 189205, 184550, 184783, 191918, 193109, 194441, 205171, 197352, 207807, 202115, 206398, 229441, 215998, 205224, 208158, 201072, 211279, 219684, 207474, 208722, 210539, 220036, 215391, 219682, 219177, 211396, 214230, 219233, 209800, 236030, 219101, 221230, 227510, 226708, 218806, 219202, 218077, 224464, 218204, 211220, 215152, 215834, 221381, 216479, 215139, 222590, 214681]
>>>
------------------------------
         startMemory: 140252
           endMemory: 214681
       averageMemory: 206921
           maxMemory: 236030
      maxFluctuation: 36640[140744, 177384]
------------------------------


PerformanceMoment memInfos_Report
duration：600
frequency：55
memory_list：[142066, 140695, 161728, 164139, 166265, 170948, 174327, 178349, 186457, 179211, 180723, 192618, 196347, 192633, 193203, 200335, 198812, 198751, 201214, 201316, 197067, 202562, 209250, 200120, 201877, 201663, 208174, 200056, 216271, 203501, 206017, 213165, 211796, 202235, 203741, 210064, 200982, 209124, 206515, 207498, 206438, 209547, 210642, 218904, 214287, 205710, 209436, 217775, 208249, 234723, 219948, 216993, 212743, 221034, 211945]
>>>
------------------------------
         startMemory: 142066
           endMemory: 211945
       averageMemory: 199927
           maxMemory: 234723
      maxFluctuation: 26474[208249, 234723]
------------------------------


PerformanceMoment memInfos_Report
duration：600
frequency：55
memory_list：[144051, 144543, 164847, 183772, 181502, 186529, 180256, 183674, 184753, 190068, 189876, 190181, 196864, 194780, 198121, 204318, 200824, 200176, 201972, 218386, 199227, 200633, 220263, 205518, 210212, 203741, 202867, 210115, 206921, 203901, 206397, 213695, 212618, 203653, 213679, 211806, 204879, 204641, 209687, 213114, 210244, 205711, 218317, 207515, 213165, 218493, 226778, 213323, 218711, 213869, 205475, 211142, 219502, 206583, 213075]
>>>
------------------------------
         startMemory: 144051
           endMemory: 213075
       averageMemory: 202676
           maxMemory: 226778
      maxFluctuation: 20304[144543, 164847]
------------------------------


PerformanceMoment memInfos_Report
duration：600
frequency：55
memory_list：[144921, 144719, 180070, 172333, 185132, 183004, 197566, 192337, 193636, 200218, 203971, 195245, 198760, 198646, 197833, 202124, 218858, 208652, 210340, 223698, 201687, 204555, 206457, 207368, 211101, 217445, 212788, 218590, 223732, 219627, 209306, 219668, 214918, 211906, 217867, 209236, 214533, 230579, 218628, 213733, 218927, 214831, 212369, 220797, 217522, 213020, 236992, 216997, 212376, 228814, 218063, 213018, 213001, 217598, 212861]
>>>
------------------------------
         startMemory: 144921
           endMemory: 212861
       averageMemory: 208399
           maxMemory: 236992
      maxFluctuation: 35351[144719, 180070]
------------------------------


